[    0.000000] Initializing cgroup subsys cpuset
[    0.000000] Initializing cgroup subsys cpu
[    0.000000] Initializing cgroup subsys cpuacct
[    0.000000] Linux version 4.4.0-154-generic (buildd@lgw01-amd64-049) (gcc version 5.4.0 20160609 (Ubuntu 5.4.0-6ubuntu1~16.04.10) ) #181-Ubuntu SMP Tue Jun 25 05:29:03 UTC 2019 (Ubuntu 4.4.0-154.181-generic 4.4.179)
[    0.000000] Command line: BOOT_IMAGE=/boot/vmlinuz-4.4.0-154-generic root=LABEL=cloudimg-rootfs ro console=tty1 console=ttyS0
[    0.000000] KERNEL supported cpus:
[    0.000000]   Intel GenuineIntel
[    0.000000]   AMD AuthenticAMD
[    0.000000]   Centaur CentaurHauls
[    0.000000] x86/fpu: xstate_offset[2]:  576, xstate_sizes[2]:  256
[    0.000000] x86/fpu: Supporting XSAVE feature 0x01: 'x87 floating point registers'
[    0.000000] x86/fpu: Supporting XSAVE feature 0x02: 'SSE registers'
[    0.000000] x86/fpu: Supporting XSAVE feature 0x04: 'AVX registers'
[    0.000000] x86/fpu: Enabled xstate features 0x7, context size is 832 bytes, using 'standard' format.
[    0.000000] e820: BIOS-provided physical RAM map:
[    0.000000] BIOS-e820: [mem 0x0000000000000000-0x000000000009fbff] usable
[    0.000000] BIOS-e820: [mem 0x000000000009fc00-0x000000000009ffff] reserved
[    0.000000] BIOS-e820: [mem 0x00000000000f0000-0x00000000000fffff] reserved
[    0.000000] BIOS-e820: [mem 0x0000000000100000-0x000000003ffeffff] usable
[    0.000000] BIOS-e820: [mem 0x000000003fff0000-0x000000003fffffff] ACPI data
[    0.000000] BIOS-e820: [mem 0x00000000fec00000-0x00000000fec00fff] reserved
[    0.000000] BIOS-e820: [mem 0x00000000fee00000-0x00000000fee00fff] reserved
[    0.000000] BIOS-e820: [mem 0x00000000fffc0000-0x00000000ffffffff] reserved
[    0.000000] NX (Execute Disable) protection: active
[    0.000000] SMBIOS 2.5 present.
[    0.000000] Hypervisor detected: KVM
[    0.000000] e820: last_pfn = 0x3fff0 max_arch_pfn = 0x400000000
[    0.000000] MTRR: Disabled
[    0.000000] x86/PAT: MTRRs disabled, skipping PAT initialization too.
[    0.000000] CPU MTRRs all blank - virtualized system.
[    0.000000] x86/PAT: Configuration [0-7]: WB  WT  UC- UC  WB  WT  UC- UC  
[    0.000000] found SMP MP-table at [mem 0x0009fff0-0x0009ffff] mapped at [ffff88000009fff0]
[    0.000000] Scanning 1 areas for low memory corruption
[    0.000000] RAMDISK: [mem 0x362fa000-0x37174fff]
[    0.000000] ACPI: Early table checksum verification disabled
[    0.000000] ACPI: RSDP 0x00000000000E0000 000024 (v02 VBOX  )
[    0.000000] ACPI: XSDT 0x000000003FFF0030 00003C (v01 VBOX   VBOXXSDT 00000001 ASL  00000061)
[    0.000000] ACPI: FACP 0x000000003FFF00F0 0000F4 (v04 VBOX   VBOXFACP 00000001 ASL  00000061)
[    0.000000] ACPI: DSDT 0x000000003FFF0470 0022EA (v02 VBOX   VBOXBIOS 00000002 INTL 20100528)
[    0.000000] ACPI: FACS 0x000000003FFF0200 000040
[    0.000000] ACPI: FACS 0x000000003FFF0200 000040
[    0.000000] ACPI: APIC 0x000000003FFF0240 00005C (v02 VBOX   VBOXAPIC 00000001 ASL  00000061)
[    0.000000] ACPI: SSDT 0x000000003FFF02A0 0001CC (v01 VBOX   VBOXCPUT 00000002 INTL 20100528)
[    0.000000] No NUMA configuration found
[    0.000000] Faking a node at [mem 0x0000000000000000-0x000000003ffeffff]
[    0.000000] NODE_DATA(0) allocated [mem 0x3ffeb000-0x3ffeffff]
[    0.000000] kvm-clock: Using msrs 4b564d01 and 4b564d00
[    0.000000] kvm-clock: cpu 0, msr 0:3ffe3001, primary cpu clock
[    0.000000] kvm-clock: using sched offset of 6935360259 cycles
[    0.000000] clocksource: kvm-clock: mask: 0xffffffffffffffff max_cycles: 0x1cd42e4dffb, max_idle_ns: 881590591483 ns
[    0.000000] Zone ranges:
[    0.000000]   DMA      [mem 0x0000000000001000-0x0000000000ffffff]
[    0.000000]   DMA32    [mem 0x0000000001000000-0x000000003ffeffff]
[    0.000000]   Normal   empty
[    0.000000]   Device   empty
[    0.000000] Movable zone start for each node
[    0.000000] Early memory node ranges
[    0.000000]   node   0: [mem 0x0000000000001000-0x000000000009efff]
[    0.000000]   node   0: [mem 0x0000000000100000-0x000000003ffeffff]
[    0.000000] Initmem setup node 0 [mem 0x0000000000001000-0x000000003ffeffff]
[    0.000000] ACPI: PM-Timer IO Port: 0x4008
[    0.000000] IOAPIC[0]: apic_id 2, version 32, address 0xfec00000, GSI 0-23
[    0.000000] ACPI: INT_SRC_OVR (bus 0 bus_irq 0 global_irq 2 dfl dfl)
[    0.000000] ACPI: INT_SRC_OVR (bus 0 bus_irq 9 global_irq 9 low level)
[    0.000000] Using ACPI (MADT) for SMP configuration information
[    0.000000] smpboot: Allowing 2 CPUs, 0 hotplug CPUs
[    0.000000] PM: Registered nosave memory: [mem 0x00000000-0x00000fff]
[    0.000000] PM: Registered nosave memory: [mem 0x0009f000-0x0009ffff]
[    0.000000] PM: Registered nosave memory: [mem 0x000a0000-0x000effff]
[    0.000000] PM: Registered nosave memory: [mem 0x000f0000-0x000fffff]
[    0.000000] e820: [mem 0x40000000-0xfebfffff] available for PCI devices
[    0.000000] Booting paravirtualized kernel on KVM
[    0.000000] clocksource: refined-jiffies: mask: 0xffffffff max_cycles: 0xffffffff, max_idle_ns: 7645519600211568 ns
[    0.000000] setup_percpu: NR_CPUS:512 nr_cpumask_bits:512 nr_cpu_ids:2 nr_node_ids:1
[    0.000000] PERCPU: Embedded 34 pages/cpu @ffff88003fc00000 s99480 r8192 d31592 u1048576
[    0.000000] Built 1 zonelists in Node order, mobility grouping on.  Total pages: 257912
[    0.000000] Policy zone: DMA32
[    0.000000] Kernel command line: BOOT_IMAGE=/boot/vmlinuz-4.4.0-154-generic root=LABEL=cloudimg-rootfs ro console=tty1 console=ttyS0
[    0.000000] PID hash table entries: 4096 (order: 3, 32768 bytes)
[    0.000000] Memory: 997732K/1048120K available (8613K kernel code, 1335K rwdata, 4028K rodata, 1484K init, 1284K bss, 50388K reserved, 0K cma-reserved)
[    0.000000] SLUB: HWalign=64, Order=0-3, MinObjects=0, CPUs=2, Nodes=1
[    0.000000] Kernel/User page tables isolation: enabled
[    0.000000] Hierarchical RCU implementation.
[    0.000000] 	Build-time adjustment of leaf fanout to 64.
[    0.000000] 	RCU restricting CPUs from NR_CPUS=512 to nr_cpu_ids=2.
[    0.000000] RCU: Adjusting geometry for rcu_fanout_leaf=64, nr_cpu_ids=2
[    0.000000] NR_IRQS:33024 nr_irqs:440 16
[    0.000000] Console: colour VGA+ 80x25
[    0.000000] console [tty1] enabled
[    0.000000] console [ttyS0] enabled
[    0.000000] tsc: Detected 1992.000 MHz processor
[    0.502704] Calibrating delay loop (skipped) preset value.. 3984.00 BogoMIPS (lpj=7968000)
[    0.511397] pid_max: default: 32768 minimum: 301
[    0.515106] ACPI: Core revision 20150930
[    0.521033] ACPI: 2 ACPI AML tables successfully acquired and loaded
[    0.526182] Security Framework initialized
[    0.530280] Yama: becoming mindful.
[    0.534266] AppArmor: AppArmor initialized
[    0.537703] Dentry cache hash table entries: 131072 (order: 8, 1048576 bytes)
[    0.548845] Inode-cache hash table entries: 65536 (order: 7, 524288 bytes)
[    0.554568] Mount-cache hash table entries: 2048 (order: 2, 16384 bytes)
[    0.561082] Mountpoint-cache hash table entries: 2048 (order: 2, 16384 bytes)
[    0.569149] Initializing cgroup subsys io
[    0.574320] Initializing cgroup subsys memory
[    0.578571] Initializing cgroup subsys devices
[    0.583481] Initializing cgroup subsys freezer
[    0.587426] Initializing cgroup subsys net_cls
[    0.593480] Initializing cgroup subsys perf_event
[    0.598771] Initializing cgroup subsys net_prio
[    0.602806] Initializing cgroup subsys hugetlb
[    0.607847] Initializing cgroup subsys pids
[    0.614498] mce: CPU supports 0 MCE banks
[    0.618418] Last level iTLB entries: 4KB 64, 2MB 8, 4MB 8
[    0.624304] Last level dTLB entries: 4KB 64, 2MB 0, 4MB 0, 1GB 4
[    0.632453] Spectre V2 : Mitigation: Full generic retpoline
[    0.639119] Spectre V2 : Spectre v2 / SpectreRSB mitigation: Filling RSB on context switch
[    0.648263] Speculative Store Bypass: Vulnerable
[    0.653880] MDS: Vulnerable: Clear CPU buffers attempted, no microcode
[    0.669476] Freeing SMP alternatives memory: 36K
[    0.702235] ftrace: allocating 32299 entries in 127 pages
[    0.927021] smpboot: APIC(0) Converting physical 0 to logical package 0
[    0.933265] smpboot: Max logical packages: 1
[    0.937622] x2apic enabled
[    0.940604] Switched APIC routing to physical x2apic.
[    0.947593] ..TIMER: vector=0x30 apic1=0 pin1=2 apic2=-1 pin2=-1
[    1.059185] smpboot: CPU0: Intel(R) Core(TM) i5-6360U CPU @ 2.00GHz (family: 0x6, model: 0x4e, stepping: 0x3)
[    1.070394] Performance Events: unsupported p6 CPU model 78 no PMU driver, software events only.
[    1.099149] KVM setup paravirtual spinlock
[    1.104095] x86: Booting SMP configuration:
[    1.107466] .... node  #0, CPUs:      #1
[    1.118831] kvm-clock: cpu 1, msr 0:3ffe3041, secondary cpu clock
[    1.125536] mce: CPU supports 0 MCE banks
[    1.130440] x86: Booted up 1 node, 2 CPUs
[    1.133883] smpboot: Total of 2 processors activated (7968.00 BogoMIPS)
[    1.140173] devtmpfs: initialized
[    1.151980] evm: security.selinux
[    1.154382] evm: security.SMACK64
[    1.157183] evm: security.SMACK64EXEC
[    1.160153] evm: security.SMACK64TRANSMUTE
[    1.163450] evm: security.SMACK64MMAP
[    1.166353] evm: security.ima
[    1.168557] evm: security.capability
[    1.172189] clocksource: jiffies: mask: 0xffffffff max_cycles: 0xffffffff, max_idle_ns: 7645041785100000 ns
[    1.179105] futex hash table entries: 512 (order: 3, 32768 bytes)
[    1.184353] pinctrl core: initialized pinctrl subsystem
[    1.188348] RTC time:  0:59:36, date: 09/02/19
[    1.192928] NET: Registered protocol family 16
[    1.207657] cpuidle: using governor ladder
[    1.223634] cpuidle: using governor menu
[    1.226945] PCCT header not found.
[    1.229870] ACPI: bus type PCI registered
[    1.233242] acpiphp: ACPI Hot Plug PCI Controller Driver version: 0.5
[    1.238262] PCI: Using configuration type 1 for base access
[    1.257145] ACPI: Added _OSI(Module Device)
[    1.260888] ACPI: Added _OSI(Processor Device)
[    1.264492] ACPI: Added _OSI(3.0 _SCP Extensions)
[    1.268159] ACPI: Added _OSI(Processor Aggregator Device)
[    1.273381] ACPI: Executed 1 blocks of module-level executable AML code
[    1.282465] ACPI: Interpreter enabled
[    1.284968] ACPI: (supports S0 S5)
[    1.287538] ACPI: Using IOAPIC for interrupt routing
[    1.291371] PCI: Using host bridge windows from ACPI; if necessary, use "pci=nocrs" and report a bug
[    1.308236] ACPI: PCI Root Bridge [PCI0] (domain 0000 [bus 00-ff])
[    1.312668] acpi PNP0A03:00: _OSC: OS supports [ASPM ClockPM Segments MSI]
[    1.318551] acpi PNP0A03:00: _OSC: not requesting OS control; OS requires [ExtendedConfig ASPM ClockPM MSI]
[    1.326064] acpi PNP0A03:00: fail to add MMCONFIG information, can't access extended PCI configuration space under this bridge.
[    1.335668] PCI host bridge to bus 0000:00
[    1.338963] pci_bus 0000:00: root bus resource [io  0x0000-0x0cf7 window]
[    1.343617] pci_bus 0000:00: root bus resource [io  0x0d00-0xffff window]
[    1.348671] pci_bus 0000:00: root bus resource [mem 0x000a0000-0x000bffff window]
[    1.355322] pci_bus 0000:00: root bus resource [mem 0x40000000-0xfdffffff window]
[    1.360992] pci_bus 0000:00: root bus resource [bus 00-ff]
[    1.373021] pci 0000:00:01.1: legacy IDE quirk: reg 0x10: [io  0x01f0-0x01f7]
[    1.378209] pci 0000:00:01.1: legacy IDE quirk: reg 0x14: [io  0x03f6]
[    1.382394] pci 0000:00:01.1: legacy IDE quirk: reg 0x18: [io  0x0170-0x0177]
[    1.387022] pci 0000:00:01.1: legacy IDE quirk: reg 0x1c: [io  0x0376]
[    1.435617] pci 0000:00:07.0: quirk: [io  0x4000-0x403f] claimed by PIIX4 ACPI
[    1.465413] pci 0000:00:07.0: quirk: [io  0x4100-0x410f] claimed by PIIX4 SMB
[    1.493525] ACPI: PCI Interrupt Link [LNKA] (IRQs 5 9 10 *11)
[    1.500307] ACPI: PCI Interrupt Link [LNKB] (IRQs 5 9 *10 11)
[    1.506147] ACPI: PCI Interrupt Link [LNKC] (IRQs 5 *9 10 11)
[    1.510911] ACPI: PCI Interrupt Link [LNKD] (IRQs 5 9 10 *11)
[    1.516942] ACPI: Enabled 2 GPEs in block 00 to 07
[    1.521348] vgaarb: setting as boot device: PCI:0000:00:02.0
[    1.525583] vgaarb: device added: PCI:0000:00:02.0,decodes=io+mem,owns=io+mem,locks=none
[    1.531129] vgaarb: loaded
[    1.533472] vgaarb: bridge control possible 0000:00:02.0
[    1.537564] SCSI subsystem initialized
[    1.540464] ACPI: bus type USB registered
[    1.543941] usbcore: registered new interface driver usbfs
[    1.548054] usbcore: registered new interface driver hub
[    1.552218] usbcore: registered new device driver usb
[    1.557345] PCI: Using ACPI for IRQ routing
[    1.562512] NetLabel: Initializing
[    1.566097] NetLabel:  domain hash size = 128
[    1.570509] NetLabel:  protocols = UNLABELED CIPSOv4
[    1.578622] NetLabel:  unlabeled traffic allowed by default
[    1.583942] amd_nb: Cannot enumerate AMD northbridges
[    1.587936] clocksource: Switched to clocksource kvm-clock
[    1.611609] AppArmor: AppArmor Filesystem Enabled
[    1.616080] pnp: PnP ACPI init
[    1.621287] pnp: PnP ACPI: found 3 devices
[    1.639741] clocksource: acpi_pm: mask: 0xffffff max_cycles: 0xffffff, max_idle_ns: 2085701024 ns
[    1.646351] NET: Registered protocol family 2
[    1.650241] TCP established hash table entries: 8192 (order: 4, 65536 bytes)
[    1.654841] TCP bind hash table entries: 8192 (order: 5, 131072 bytes)
[    1.658864] TCP: Hash tables configured (established 8192 bind 8192)
[    1.663691] UDP hash table entries: 512 (order: 2, 16384 bytes)
[    1.667860] UDP-Lite hash table entries: 512 (order: 2, 16384 bytes)
[    1.673299] NET: Registered protocol family 1
[    1.676579] pci 0000:00:00.0: Limiting direct PCI/PCI transfers
[    1.682833] pci 0000:00:01.0: Activating ISA DMA hang workarounds
[    1.688022] Unpacking initramfs...
[    2.312157] Freeing initrd memory: 14828K
[    2.315743] clocksource: tsc: mask: 0xffffffffffffffff max_cycles: 0x396d519840e, max_idle_ns: 881590569543 ns
[    2.323459] platform rtc_cmos: registered platform RTC device (no PNP device found)
[    2.328918] Scanning for low memory corruption every 60 seconds
[    2.334470] audit: initializing netlink subsys (disabled)
[    2.338350] audit: type=2000 audit(1567385984.511:1): initialized
[    2.343659] Initialise system trusted keyring
[    2.347116] HugeTLB registered 2 MB page size, pre-allocated 0 pages
[    2.354442] zbud: loaded
[    2.357341] VFS: Disk quotas dquot_6.6.0
[    2.360340] VFS: Dquot-cache hash table entries: 512 (order 0, 4096 bytes)
[    2.366021] squashfs: version 4.0 (2009/01/31) Phillip Lougher
[    2.371002] fuse init (API version 7.23)
[    2.374248] Key type big_key registered
[    2.377498] Allocating IMA MOK and blacklist keyrings.
[    2.384299] Key type asymmetric registered
[    2.388611] Asymmetric key parser 'x509' registered
[    2.392761] Block layer SCSI generic (bsg) driver version 0.4 loaded (major 249)
[    2.401034] io scheduler noop registered
[    2.405743] io scheduler deadline registered (default)
[    2.409724] io scheduler cfq registered
[    2.413216] pci_hotplug: PCI Hot Plug PCI Core version: 0.5
[    2.417601] pciehp: PCI Express Hot Plug Controller Driver version: 0.4
[    2.423149] ACPI: AC Adapter [AC] (off-line)
[    2.426726] input: Power Button as /devices/LNXSYSTM:00/LNXPWRBN:00/input/input0
[    2.433915] ACPI: Power Button [PWRF]
[    2.437186] input: Sleep Button as /devices/LNXSYSTM:00/LNXSLPBN:00/input/input1
[    2.442467] ACPI: Sleep Button [SLPF]
[    2.448184] GHES: HEST is not enabled!
[    2.448589] ACPI: Battery Slot [BAT0] (battery present)
[    2.454769] Serial: 8250/16550 driver, 32 ports, IRQ sharing enabled
[    2.480905] 00:02: ttyS0 at I/O 0x3f8 (irq = 4, base_baud = 115200) is a 16550A
[    2.493180] Linux agpgart interface v0.103
[    2.501110] loop: module loaded
[    2.504719] scsi host0: ata_piix
[    2.507311] scsi host1: ata_piix
[    2.509758] ata1: PATA max UDMA/33 cmd 0x1f0 ctl 0x3f6 bmdma 0xd000 irq 14
[    2.514174] ata2: PATA max UDMA/33 cmd 0x170 ctl 0x376 bmdma 0xd008 irq 15
[    2.519361] libphy: Fixed MDIO Bus: probed
[    2.522815] tun: Universal TUN/TAP device driver, 1.6
[    2.526275] tun: (C) 1999-2004 Max Krasnyansky <maxk@qualcomm.com>
[    2.530361] PPP generic driver version 2.4.2
[    2.533882] ehci_hcd: USB 2.0 'Enhanced' Host Controller (EHCI) Driver
[    2.538695] ehci-pci: EHCI PCI platform driver
[    2.542678] ehci-platform: EHCI generic platform driver
[    2.546048] ohci_hcd: USB 1.1 'Open' Host Controller (OHCI) Driver
[    2.551247] ohci-pci: OHCI PCI platform driver
[    2.554421] ohci-platform: OHCI generic platform driver
[    2.557719] uhci_hcd: USB Universal Host Controller Interface driver
[    2.561779] i8042: PNP: PS/2 Controller [PNP0303:PS2K,PNP0f03:PS2M] at 0x60,0x64 irq 1,12
[    2.567749] serio: i8042 KBD port at 0x60,0x64 irq 1
[    2.570907] serio: i8042 AUX port at 0x60,0x64 irq 12
[    2.574580] mousedev: PS/2 mouse device common for all mice
[    2.578765] input: AT Translated Set 2 keyboard as /devices/platform/i8042/serio0/input/input2
[    2.585650] rtc_cmos rtc_cmos: rtc core: registered rtc_cmos as rtc0
[    2.590306] rtc_cmos rtc_cmos: alarms up to one day, 114 bytes nvram
[    2.595163] i2c /dev entries driver
[    2.597642] device-mapper: uevent: version 1.0.3
[    2.600967] device-mapper: ioctl: 4.34.0-ioctl (2015-10-28) initialised: dm-devel@redhat.com
[    2.607280] ledtrig-cpu: registered to indicate activity on CPUs
[    2.612270] NET: Registered protocol family 10
[    2.615533] NET: Registered protocol family 17
[    2.618648] Key type dns_resolver registered
[    2.623273] registered taskstats version 1
[    2.626071] Loading compiled-in X.509 certificates
[    2.630344] Loaded X.509 cert 'Build time autogenerated kernel key: 65139e04a67245b562a838c28b5e7032abdd4348'
[    2.636655] zswap: loaded using pool lzo/zbud
[    2.643034] Key type trusted registered
[    2.652272] Key type encrypted registered
[    2.654920] AppArmor: AppArmor sha1 policy hashing enabled
[    2.659021] ima: No TPM chip found, activating TPM-bypass!
[    2.662815] ima: Allocated hash algorithm: sha1
[    2.665843] evm: HMAC attrs: 0x1
[    2.669356]   Magic number: 3:606:960
[    2.678030] rtc_cmos rtc_cmos: setting system clock to 2019-09-02 00:59:37 UTC (1567385977)
[    2.683829] BIOS EDD facility v0.16 2004-Jun-25, 0 devices found
[    2.687662] EDD information not available.
[    2.696593] Freeing unused kernel memory: 1484K
[    2.712558] Write protecting the kernel read-only data: 14336k
[    2.717183] Freeing unused kernel memory: 1616K
[    2.720901] Freeing unused kernel memory: 68K
Loading, please wait...
starting version 229
[    2.751461] random: systemd-udevd: uninitialized urandom read (16 bytes read, 5 bits of entropy available)
[    2.751907] random: udevadm: uninitialized urandom read (16 bytes read, 5 bits of entropy available)
[    2.751957] random: udevadm: uninitialized urandom read (16 bytes read, 5 bits of entropy available)
[    2.771491] random: udevadm: uninitialized urandom read (16 bytes read, 5 bits of entropy available)
[    2.771586] random: udevadm: uninitialized urandom read (16 bytes read, 5 bits of entropy available)
[    2.771879] random: udevadm: uninitialized urandom read (16 bytes read, 5 bits of entropy available)
[    2.772231] random: udevadm: uninitialized urandom read (16 bytes read, 5 bits of entropy available)
[    2.772353] random: udevadm: uninitialized urandom read (16 bytes read, 5 bits of entropy available)
[    2.772470] random: udevadm: uninitialized urandom read (16 bytes read, 5 bits of entropy available)
[    2.772583] random: udevadm: uninitialized urandom read (16 bytes read, 5 bits of entropy available)
[    2.891548] e1000: Intel(R) PRO/1000 Network Driver - version 7.3.21-k8-NAPI
[    2.898012] e1000: Copyright (c) 1999-2006 Intel Corporation.
[    2.898097] Fusion MPT base driver 3.04.20
[    2.898098] Copyright (c) 1999-2008 LSI Corporation
[    2.985199] Fusion MPT SPI Host driver 3.04.20
[    3.012213] AVX2 version of gcm_enc/dec engaged.
[    3.016284] AES CTR mode by8 optimization enabled
[    3.131289] input: ImExPS/2 Generic Explorer Mouse as /devices/platform/i8042/serio1/input/input4
[    3.644652] e1000 0000:00:03.0 eth0: (PCI:33MHz:32-bit) 02:1e:e5:6d:71:21
[    3.649224] e1000 0000:00:03.0 eth0: Intel(R) PRO/1000 Network Connection
[    4.165018] e1000 0000:00:08.0 eth1: (PCI:33MHz:32-bit) 08:00:27:63:3b:bc
[    4.167960] e1000 0000:00:08.0 eth1: Intel(R) PRO/1000 Network Connection
[    4.172900] e1000 0000:00:08.0 enp0s8: renamed from eth1
[    4.175343] mptbase: ioc0: Initiating bringup
[    4.184931] e1000 0000:00:03.0 enp0s3: renamed from eth0
[    4.261463] ioc0: LSI53C1030 A0: Capabilities={Initiator}
[    4.924301] scsi host2: ioc0: LSI53C1030 A0, FwRev=00000000h, Ports=1, MaxQ=256, IRQ=20
[    5.072267] scsi 2:0:0:0: Direct-Access     VBOX     HARDDISK         1.0  PQ: 0 ANSI: 5
[    5.075643] scsi target2:0:0: Beginning Domain Validation
[    5.079700] scsi target2:0:0: Domain Validation skipping write tests
[    5.081846] scsi target2:0:0: Ending Domain Validation
[    5.083853] scsi target2:0:0: asynchronous
[    5.086196] scsi 2:0:1:0: Direct-Access     VBOX     HARDDISK         1.0  PQ: 0 ANSI: 5
[    5.090111] scsi target2:0:1: Beginning Domain Validation
[    5.094169] scsi target2:0:1: Domain Validation skipping write tests
[    5.097969] scsi target2:0:1: Ending Domain Validation
[    5.109894] scsi target2:0:1: asynchronous
[    5.120450] sd 2:0:0:0: Attached scsi generic sg0 type 0
[    5.122417] sd 2:0:0:0: [sda] 20971520 512-byte logical blocks: (10.7 GB/10.0 GiB)
[    5.125213] sd 2:0:1:0: [sdb] 20480 512-byte logical blocks: (10.5 MB/10.0 MiB)
[    5.127717] sd 2:0:1:0: Attached scsi generic sg1 type 0
[    5.128082] sd 2:0:0:0: [sda] Write Protect is off
[    5.128258] sd 2:0:0:0: [sda] Incomplete mode parameter data
[    5.128259] sd 2:0:0:0: [sda] Assuming drive cache: write through
[    5.132758] sd 2:0:1:0: [sdb] Write Protect is off
[    5.132840] sd 2:0:1:0: [sdb] Incomplete mode parameter data
[    5.132842] sd 2:0:1:0: [sdb] Assuming drive cache: write through
[    5.135298]  sda: sda1
[    5.136399] sd 2:0:0:0: [sda] Attached SCSI disk
[    5.136410] sd 2:0:1:0: [sdb] Attached SCSI disk
Begin: Loading essential drivers ... [    6.536334] md: linear personality registered for level -1
[    6.542448] md: multipath personality registered for level -4
[    6.548064] md: raid0 personality registered for level 0
[    6.554656] md: raid1 personality registered for level 1
[    6.627982] raid6: sse2x1   gen()  9629 MB/s
[    6.696222] raid6: sse2x1   xor()  7210 MB/s
[    6.764146] raid6: sse2x2   gen() 11736 MB/s
[    6.832517] raid6: sse2x2   xor()  8204 MB/s
[    6.900030] raid6: sse2x4   gen()  9834 MB/s
[    6.968288] raid6: sse2x4   xor()  4871 MB/s
[    7.036459] raid6: avx2x1   gen() 10154 MB/s
[    7.104367] raid6: avx2x2   gen()  9455 MB/s
[    7.180281] raid6: avx2x4   gen() 10140 MB/s
[    7.182565] raid6: using algorithm sse2x2 gen() 11736 MB/s
[    7.185178] raid6: .... xor() 8204 MB/s, rmw enabled
[    7.187845] raid6: using avx2x2 recovery algorithm
[    7.193572] xor: automatically using best checksumming function:
[    7.236661]    avx       : 25279.000 MB/sec
[    7.239887] async_tx: api initialized (async)
[    7.252585] md: raid6 personality registered for level 6
[    7.254923] md: raid5 personality registered for level 5
[    7.257826] md: raid4 personality registered for level 4
[    7.269662] md: raid10 personality registered for level 10
done.
Begin: Running /scripts/init-premount ... done.
Begin: Mounting root file system ... Begin: Running /scripts/local-top ... done.
Begin: Running /scripts/local-premount ... [    7.309687] Btrfs loaded
Scanning for Btrfs filesystems
done.
Warning: fsck not present, so skipping root file system
[    7.366543] EXT4-fs (sda1): mounted filesystem with ordered data mode. Opts: (null)
done.
Begin: Running /scripts/local-bottom ... done.
Begin: Running /scripts/init-bottom ... done.
[    7.523196] systemd[1]: systemd 229 running in system mode. (+PAM +AUDIT +SELINUX +IMA +APPARMOR +SMACK +SYSVINIT +UTMP +LIBCRYPTSETUP +GCRYPT +GNUTLS +ACL +XZ -LZ4 +SECCOMP +BLKID +ELFUTILS +KMOD -IDN)
[    7.529598] systemd[1]: Detected virtualization oracle.
[    7.531454] systemd[1]: Detected architecture x86-64.

Welcome to [1mUbuntu 16.04.6 LTS[0m!

[    7.539460] systemd[1]: Set hostname to <ubuntu>.
[    7.552045] systemd[1]: Initializing machine ID from random generator.
[    7.555334] systemd[1]: Installed transient /etc/machine-id file.
[    7.738784] systemd[1]: Listening on Journal Socket.
[[0;32m  OK  [0m] Listening on Journal Socket.
[    7.743979] systemd[1]: Reached target Swap.
[[0;32m  OK  [0m] Reached target Swap.
[    7.748162] systemd[1]: Created slice System Slice.
[[0;32m  OK  [0m] Created slice System Slice.
[    7.764873] systemd[1]: Starting Nameserver information manager...
         Starting Nameserver information manager...
[    7.769470] systemd[1]: Listening on Syslog Socket.
[[0;32m  OK  [0m] Listening on Syslog Socket.
[    7.773366] systemd[1]: Reached target Encrypted Volumes.
[[0;32m  OK  [0m] Reached target Encrypted Volumes.
[    7.780132] systemd[1]: Starting Create list of required static device nodes for the current kernel...
         Starting Create list of required st... nodes for the current kernel...
[    7.788855] systemd[1]: Mounting POSIX Message Queue File System...
         Mounting POSIX Message Queue File System...
[    7.796126] systemd[1]: Created slice User and Session Slice.
[[0;32m  OK  [0m] Created slice User and Session Slice.
[    7.800686] systemd[1]: Reached target Slices.
[[0;32m  OK  [0m] Reached target Slices.
[    7.804255] systemd[1]: Listening on udev Control Socket.
[[0;32m  OK  [0m] Listening on udev Control Socket.
[    7.808100] systemd[1]: Set up automount Arbitrary Executable File Formats File System Automount Point.
[[0;32m  OK  [0m] Set up automount Arbitrary Executab...ats File System Automount Point.
[    7.832202] systemd[1]: Starting Remount Root and Kernel File Systems...
         Starting Remount Root and Kernel File Systems...
[    7.837267] systemd[1]: Started Trigger resolvconf update for networkd DNS.
[    7.837967] EXT4-fs (sda1): re-mounted. Opts: (null)
[[0;32m  OK  [0m] Started Trigger resolvconf update for networkd DNS.
[    7.844443] systemd[1]: Created slice system-serial\x2dgetty.slice.
[[0;32m  OK  [0m] Created slice system-serial\x2dgetty.slice.
[    7.848563] systemd[1]: Listening on Device-mapper event daemon FIFOs.
[[0;32m  OK  [0m] Listening on Device-mapper event daemon FIFOs.
[    7.852159] systemd[1]: Listening on udev Kernel Socket.
[[0;32m  OK  [0m] Listening on udev Kernel Socket.
[    7.872481] systemd[1]: Starting Load Kernel Modules...
         Starting Load Kernel Modules...
[    7.879209] systemd[1]: Started Forward Password Requests to Wall Directory Watch.
[[0;32m  OK  [0m] Started Forward Password Requests to Wall Directory Watch.
[    7.888532] systemd[1]: Listening on LVM2 metadata daemon socket.
[    7.900413] Loading iSCSI transport class v2.0-870.
[[0;32m  OK  [0m] Listening on LVM2 metadata daemon socket.
[    7.906347] systemd[1]: Starting Monitoring of LVM2 mirrors, snapshots etc. using dmeventd or progress polling...
         Starting Monitoring of LVM2 mirrors... dmeventd or progress polling...
[    7.914305] systemd[1]: Starting Set console keymap...
         Starting Set console keymap...
[    7.923554] iscsi: registered transport (tcp)
[    7.924386] systemd[1]: Starting Uncomplicated firewall...
         Starting Uncomplicated firewall...
[    7.939485] systemd[1]: Listening on LVM2 poll daemon socket.
[[0;32m  OK  [0m] Listening on LVM2 poll daemon socket.
[    7.948266] systemd[1]: Listening on Journal Socket (/dev/log).
[[0;32m  OK  [0m] Listening on Journal Socket (/dev/log).
[    7.956536] systemd[1]: Reached target System Time Synchronized.
[[0;32m  OK  [0m] Reached target System Time Synchronized.
[    7.980103] systemd[1]: Mounting Huge Pages File System...
         Mounting Huge Pages File System...
[    7.987800] systemd[1]: Listening on /dev/initctl Compatibility Named Pipe.
[[0;32m  OK  [0m] Listening on /dev/initctl Compatibility Named Pipe.
[    7.994190] systemd[1]: Reached target User and Group Name Lookups.
[[0;32m  OK  [0m] Reached target User and Group Name Lookups.
[    8.002279] systemd[1]: Listening on Journal Audit Socket.
[[0;32m  OK  [0m] Listening on Journal Audit Socket.
[    8.025905] iscsi: registered transport (iser)
[    8.032346] systemd[1]: Starting Journal Service...
         Starting Journal Service...
[    8.038021] systemd[1]: Mounting Debug File System...
         Mounting Debug File System...
[    8.045740] systemd[1]: Mounted POSIX Message Queue File System.
[[0;32m  OK  [0m] Mounted POSIX Message Queue File System.
[    8.065177] random: nonblocking pool is initialized
[    8.076605] systemd[1]: Mounted Huge Pages File System.
[[0;32m  OK  [0m] Mounted Huge Pages File System.
[    8.092797] systemd[1]: Mounted Debug File System.
[[0;32m  OK  [0m] Mounted Debug File System.
[    8.108730] systemd[1]: Started Journal Service.
[[0;32m  OK  [0m] Started Journal Service.
[[0;32m  OK  [0m] Started Create list of required sta...ce nodes for the current kernel.
[[0;32m  OK  [0m] Started Remount Root and Kernel File Systems.
[[0;32m  OK  [0m] Started Load Kernel Modules.
[[0;32m  OK  [0m] Started Set console keymap.
[[0;32m  OK  [0m] Started Uncomplicated firewall.
[[0;32m  OK  [0m] Started Nameserver information manager.
[[0;32m  OK  [0m] Started LVM2 metadata daemon.
         Starting Apply Kernel Variables...
         Mounting FUSE Control File System...
         Starting udev Coldplug all Devices...
         Starting Load/Save Random Seed...
         Starting Create Static Device Nodes in /dev...
         Starting Flush Journal to Persistent Storage...
[[0;32m  OK  [0m] Mounted FUSE Control File System.
[[0;32m  OK  [0m] Started Load/Save Random Seed.
[[0;32m  OK  [0m] Started Apply Kernel Variables.
[[0;32m  OK  [0m] Started Create Static Device Nodes in /dev.
[[0;32m  OK  [0m] Started Flush Journal to Persistent Storage.
         Starting udev Kernel Device Manager...
[[0;32m  OK  [0m] Started udev Coldplug all Devices.
[[0;32m  OK  [0m] Started udev Kernel Device Manager.
[[0;32m  OK  [0m] Started Dispatch Password Requests to Console Directory Watch.
[[0;32m  OK  [0m] Started Monitoring of LVM2 mirrors,...ng dmeventd or progress polling.
[[0;32m  OK  [0m] Reached target Local File Systems (Pre).
[[0;32m  OK  [0m] Reached target Local File Systems.
         Starting Tell Plymouth To Write Out Runtime Data...
         Starting Set console font and keymap...
         Starting Create Volatile Files and Directories...
         Starting Initial cloud-init job (pre-networking)...
         Starting LSB: AppArmor initialization...
         Starting Commit a transient machine-id on disk...
[[0;32m  OK  [0m] Started Tell Plymouth To Write Out Runtime Data.
[[0;32m  OK  [0m] Started Create Volatile Files and Directories.
[[0;32m  OK  [0m] Started Commit a transient machine-id on disk.
[[0;32m  OK  [0m] Found device /dev/ttyS0.
         Starting Update UTMP about System Boot/Shutdown...
[[0;32m  OK  [0m] Started Update UTMP about System Boot/Shutdown.
[[0;32m  OK  [0m] Listening on Load/Save RF Kill Switch Status /dev/rfkill Watch.
[   11.496349] cloud-init[492]: Cloud-init v. 19.1-1-gbaa47854-0ubuntu1~16.04.1 running 'init-local' at Mon, 02 Sep 2019 00:59:46 +0000. Up 10.76 seconds.
[[0;32m  OK  [0m] Started LSB: AppArmor initialization.
[[0;32m  OK  [0m] Started Initial cloud-init job (pre-networking).
[[0;32m  OK  [0m] Reached target Network (Pre).
         Starting Raise network interfaces...
[[0;32m  OK  [0m] Started Set console font and keymap.
[[0;32m  OK  [0m] Created slice system-getty.slice.
[[0;32m  OK  [0m] Started Raise network interfaces.
         Starting Initial cloud-init job (metadata service crawler)...
[[0;32m  OK  [0m] Reached target Network.
[   14.169003] cloud-init[961]: Cloud-init v. 19.1-1-gbaa47854-0ubuntu1~16.04.1 running 'init' at Mon, 02 Sep 2019 00:59:48 +0000. Up 13.08 seconds.
[   14.178294] cloud-init[961]: ci-info: ++++++++++++++++++++++++++++++++++++++Net device info+++++++++++++++++++++++++++++++++++++++
[   14.186683] cloud-init[961]: ci-info: +--------+-------+----------------------------+---------------+--------+-------------------+
[   14.194990] cloud-init[961]: ci-info: | Device |   Up  |          Address           |      Mask     | Scope  |     Hw-Address    |
[   14.204191] cloud-init[961]: ci-info: +--------+-------+----------------------------+---------------+--------+-------------------+
[   14.212596] cloud-init[961]: ci-info: | enp0s3 |  True |         10.0.2.15          | 255.255.255.0 | global | 02:1e:e5:6d:71:21 |
[   14.221330] cloud-init[961]: ci-info: | enp0s3 |  True | fe80::1e:e5ff:fe6d:7121/64 |       .       |  link  | 02:1e:e5:6d:71:21 |
[   14.230197] cloud-init[961]: ci-info: | enp0s8 | False |             .              |       .       |   .    | 08:00:27:63:3b:bc |
[   14.240834] cloud-init[961]: ci-info: |   lo   |  True |         127.0.0.1          |   255.0.0.0   |  host  |         .         |
[   14.249511] cloud-init[961]: ci-info: |   lo   |  True |          ::1/128           |       .       |  host  |         .         |
[   14.259969] cloud-init[961]: ci-info: +--------+-------+----------------------------+---------------+--------+-------------------+
[   14.270390] cloud-init[961]: ci-info: +++++++++++++++++++++++++++Route IPv4 info++++++++++++++++++++++++++++
[   14.278239] cloud-init[961]: ci-info: +-------+-------------+----------+---------------+-----------+-------+
[   14.285753] cloud-init[961]: ci-info: | Route | Destination | Gateway  |    Genmask    | Interface | Flags |
[   14.293907] cloud-init[961]: ci-info: +-------+-------------+----------+---------------+-----------+-------+
[   14.301358] cloud-init[961]: ci-info: |   0   |   0.0.0.0   | 10.0.2.2 |    0.0.0.0    |   enp0s3  |   UG  |
[   14.309484] cloud-init[961]: ci-info: |   1   |   10.0.2.0  | 0.0.0.0  | 255.255.255.0 |   enp0s3  |   U   |
[   14.317529] cloud-init[961]: ci-info: +-------+-------------+----------+---------------+-----------+-------+
[   14.325721] cloud-init[961]: ci-info: +++++++++++++++++++Route IPv6 info+++++++++++++++++++
[   14.332445] cloud-init[961]: ci-info: +-------+-------------+---------+-----------+-------+
[   14.339155] cloud-init[961]: ci-info: | Route | Destination | Gateway | Interface | Flags |
[   14.353144] cloud-init[961]: ci-info: +-------+-------------+---------+-----------+-------+
[   14.359756] cloud-init[961]: ci-info: |   0   |  fe80::/64  |    ::   |   enp0s3  |   U   |
[   14.392122] cloud-init[961]: ci-info: |   3   |   ff00::/8  |    ::   |   enp0s3  |   U   |
[   14.399313] cloud-init[961]: ci-info: +-------+-------------+---------+-----------+-------+
[   14.405579] cloud-init[961]: Generating public/private rsa key pair.
[   14.411338] cloud-init[961]: Your identification has been saved in /etc/ssh/ssh_host_rsa_key.
[   14.418759] cloud-init[961]: Your public key has been saved in /etc/ssh/ssh_host_rsa_key.pub.
[[0;32m  OK  [0m] Started Initial cloud-init job (metadata service crawler).
[   14.426790] cloud-init[[961]: [0;32m  OK  [0mThe key fingerprint is:] 
Reached target Network is Online.
[   14.442655] cloud-init[961]: SHA256:Svkwba11f6YJcc2s8pumnG6Pa+75WcFpQp7phOxLdkA root@ubuntu-xenial
[   14.450216] cloud-init         Starting iSCSI initiator daemon (iscsid)...
[[0;32m  OK  [0m] Reached target System Initialization.
[[0;32m  OK  [0m] Listening on UUID daemon activation socket.
[[0;32m  OK  [0m] Started Daily Cleanup of Temporary Directories.
[961]: The key's randomart image is:
[   14.474462]          Starting LXD - unix socket.
[[0;32m  OK  [0m] Listening on D-Bus System Message Bus Socket.
         Starting Socket activation for snappy daemon.
[[0;32m  OK  [0m] Started Daily apt download activities.
cloud-init[961]: +---[RSA 2048]----+
[[0;32m  OK  [0m] Started Daily apt upgrade and clean activities.
[[0;32m  OK  [0m] Reached target Timers.
[[0;32m  OK  [0m] Listening on ACPID Listen Socket.
[   14.491694] cloud-init[961]: |                 |
[   14.519733] [[0;32m  OK  [0m] Started ACPI Events Check.
[cloud-init[0;32m  OK  [0m[961]: ] |                 |Reached target Paths.

[   14.529214] [[0;32m  OK  [0m] Reached target Cloud-config availability.
cloud-init[961]: |           E .   |
[   14.537998] cloud-init[961]: |       o .o + ++.|
[   14.543562] cloud-init[961]: |      = S o+o*.=+|
[   14.549464] [[0;32m  OK  [0m] Listening on LXD - unix socket.
[[0;32m  OK  [0m] Listening on Socket activation for snappy daemon.
cloud-init[961]: |     . * o..++o..|
[   14.569840] cloud-init[961]: |      . o  +ooo +|
[   14.574854] [[0;32m  OK  [0m] Started iSCSI initiator daemon (iscsid).
cloud-init[961]: |          o.=B.O |
[   14.583802] cloud-init[961]: |           B@*X. |
[   14.592250] cloud-init[961]: +----[SHA256]-----+
[   14.596828] cloud-init[961]: Generating public/private dsa key pair.
[   14.603742] cloud-init[961]: Your identification has been saved in /etc/ssh/ssh_host_dsa_key.
[   14.616532] cloud-init[961]: Your public key has been saved in /etc/ssh/ssh_host_dsa_key.pub.
[   14.627154] cloud-init[961]: The key fingerprint is:
[   14.635461]          Starting Login to default iSCSI targets...
cloud-init[[0;32m  OK  [0m] Reached target Sockets.
[[0;32m  OK  [0m] Reached target Basic System.
[961]: SHA256:zaCi5RUcpa+ElZwxdvxohjDcpWDGIIzNz9XL2xOfBzs root@ubuntu-xenial
[[0;32m  OK  [0m] Started FUSE filesystem for LXC.
[   14.669161]          Starting LXD - container startup/shutdown...
cloud-init[961]: The key's randomart image is:         Starting LSB: Record successful boot for GRUB...
         Starting LSB: MD monitoring daemon...
         Starting System Logging Service...

[   14.694921]          Starting Snappy daemon...
cloud-init[961]: +---[DSA 1024]----+
[[0;32m  OK  [0m] Started D-Bus System Message Bus.
[   14.706223] cloud-init[961]: |+o.++.==+        |
[   14.736944] cloud-init[961]: |.ooo==oXo        |
[   14.741606] cloud-init[961]: |   o +Xo.+       |
[   14.761906] cloud-init[961]: |    oo.+*+o .    |
[   14.790971] cloud-init[961]: |    + +oSooo +   |
[   14.798520] cloud-init[961]: |   + + .. o E .  |
[   14.817054] cloud-init[961]: |  . . .    . o   |
[   14.825965] cloud-init[961]: |                 |
[   14.844608] cloud-init[961]: |                 |
[   14.861602] cloud-init[961]: +----[SHA256]-----+
[   14.875297] cloud-init[961]: Generating public/private ecdsa key pair.
[[0;32m  OK  [0m] Started Deferred execution scheduler.
         Starting Virtualbox guest utils...
[   14.881000] cloud-init[961]: Your identification has been saved in /etc/ssh/ssh_host_ecdsa_key.
[   14.907920] cloud-init[961]: Your public key has been saved in /etc/ssh/ssh_host_ecdsa_key.pub.
         Starting Login Service...
[   14.938857] cloud-init[961]: The key fingerprint is:
[   14.962436] cloud-init[961]: SHA256:niuVWmj/q1Vj23jLhPDqEl9suanhtwx4pXumltPMXLA root@ubuntu-xenial
[   14.985780]          cloud-initStarting Accounts Service...[961]: 
The key's randomart image is:
         Starting /etc/rc.local Compatibility...
[   15.008354] cloud-init[961]: +---[ECDSA 256]---+
[   15.017774] [cloud-init[0;32m  OK  [0m[961]: ] |                 |Started Regular background program processing daemon.

[   15.024622] cloud-init[961]: |                 |
[[0;32m  OK  [0m] Started ACPI event daemon.
         Starting Pollinate to seed the pseudo random number generator...
[[0;32m  OK  [0m] Started System Logging Service.
[   15.042217] cloud-init[961]: |                 |
[   15.092931] cloud-init[961]: |            .    |
[   15.097543] cloud-init[961]: |       .S...=+   |
[[0;32m  OK  [0m] Started /etc/rc.local Compatibility.
[   15.098312] cloud-init[961]: |      o.=o BE*.  |
[   15.117452] cloud-init[961]: |     . =+o*O=++  |
[   15.127461] cloud-init[961]: |      o o==*@+ . |
[   15.140138] cloud-init[961]: |       .o*XOo.o  |
[   15.156202] cloud-init[961]: +----[SHA256]-----+
[   15.164796] cloud-init[961]: Generating public/private ed25519 key pair.
[   15.181839] cloud-init[961]: [[0;32m  OK  [0m] Started LXD - container startup/shutdown.
Your identification has been saved in /etc/ssh/ssh_host_ed25519_key.
[   15.210175] cloud-init[961]: Your public key has been saved in /etc/ssh/ssh_host_ed25519_key.pub.
[   15.220879] cloud-init[961]: The key fingerprint is:
[   15.232269] cloud-init[961]: SHA256:vFNW5adiODWJI6I66eF6b6A4+PqYnfk4jcQ+HwyXZag root@ubuntu-xenial
[   15.245464] cloud-init[961]: The key's randomart image is:
[   15.256765] cloud-init[961]: +--[ED25519 256]--+
[[0;32m  OK  [0m] Started LSB: Record successful boot for GRUB.
[[0;32m  OK  [0m] Started LSB: MD monitoring daemon.
[[0;32m  OK  [0m] Started Login to default iSCSI targets.
[   15.298955] cloud-init[961]: |              .  |
[   15.340225] cloud-init[961]: |     .     . +   |
[   15.383220] cloud-init[961]: |    . + . o = . .|
[   15.408138] cloud-init[961]: |   . = o . = . o |
[   15.414475] cloud-init[961]: | .E +   S = o .  |
[[0;32m  OK  [0m] Started Login Service.
[   15.430487] cloud-init[961]: |  +*     + o .   |
[   15.444413] cloud-init[961]: |o+=+o   o        |
[   15.449213] cloud-init[961]: |=***o.   .       |[[0;32m  OK  [0m] Started Unattended Upgrades Shutdown.

         Starting Authenticate and Authorize Users to Run Privileged Tasks...
[[0;32m  OK  [0m] Reached target Remote File Systems (Pre).
[[0;32m  OK  [0m[   15.489117] cloud-init[961]: |=BXB+            |
[   15.491631] cloud-init[961]: +----[SHA256]-----+
] Reached target Remote File Systems.
         Starting Permit User Sessions...
         Starting LSB: automatic crash report generation...
         Starting LSB: daemon to balance interrupts for SMP systems...
         Starting LSB: Set the CPU Frequency Scaling governor to "ondemand"...
[[0;32m  OK  [0m] Started Permit User Sessions.
[[0;32m  OK  [0m] Started Authenticate and Authorize Users to Run Privileged Tasks.
[[0;32m  OK  [0m] Started Accounts Service.
[[0;32m  OK  [0m] Started Virtualbox guest utils.
         Starting Terminate Plymouth Boot Screen...
         Starting Hold until boot process finishes up...
[[0;32m  OK  [0m] Started Snappy daemon.
[[0;32m  OK  [0m] Started Terminate Plymouth Boot Screen.
[[0;32m  OK  [0m] Started LSB: Set the CPU Frequency Scaling governor to "ondemand".
[[0;32m  OK  [0m] Started Hold until boot process finishes up.
[[0;32m  OK  [0m] Started LSB: automatic crash report generation.
[[0;32m  OK  [0m] Started LSB: daemon to balance interrupts for SMP systems.
         Starting Set console scheme...
[[0;32m  OK  [0m] Started Getty on tty1.
[[0;32m  OK  [0m] Started Serial Getty on ttyS0.
[[0;32m  OK  [0m] Reached target Login Prompts.
         Starting Wait until snapd is fully seeded...
[[0;32m  OK  [0m] Started Set console scheme.
[[0;32m  OK  [0m] Started Pollinate to seed the pseudo random number generator.
         Starting OpenBSD Secure Shell server...
[[0;32m  OK  [0m] Started OpenBSD Secure Shell server.
[[0;32m  OK  [0m] Created slice User Slice of vagrant.
         Starting User Manager for UID 1000...
[[0;32m  OK  [0m] Started Session 1 of user vagrant.
[[0;32m  OK  [0m] Started User Manager for UID 1000.
         Stopping User Manager for UID 1000...
[[0;32m  OK  [0m] Stopped User Manager for UID 1000.
[[0;32m  OK  [0m] Removed slice User Slice of vagrant.

Ubuntu 16.04.6 LTS ubuntu-xenial ttyS0

ubuntu-xenial login: [   22.291162] cloud-init[1620]: Generating locales (this might take a while)...
[   25.145505] cloud-init[1620]:   en_US.UTF-8... done
[   25.188447] cloud-init[1620]: Generation complete.
[   26.086293] cloud-init[1620]: Cloud-init v. 19.1-1-gbaa47854-0ubuntu1~16.04.1 running 'modules:config' at Mon, 02 Sep 2019 00:59:57 +0000. Up 21.58 seconds.
ci-info: no authorized ssh keys fingerprints found for user ubuntu.
<14>Sep  2 01:00:03 ec2: 
<14>Sep  2 01:00:03 ec2: #############################################################
<14>Sep  2 01:00:03 ec2: -----BEGIN SSH HOST KEY FINGERPRINTS-----
<14>Sep  2 01:00:03 ec2: 1024 SHA256:zaCi5RUcpa+ElZwxdvxohjDcpWDGIIzNz9XL2xOfBzs root@ubuntu-xenial (DSA)
<14>Sep  2 01:00:03 ec2: 256 SHA256:niuVWmj/q1Vj23jLhPDqEl9suanhtwx4pXumltPMXLA root@ubuntu-xenial (ECDSA)
<14>Sep  2 01:00:03 ec2: 256 SHA256:vFNW5adiODWJI6I66eF6b6A4+PqYnfk4jcQ+HwyXZag root@ubuntu-xenial (ED25519)
<14>Sep  2 01:00:03 ec2: 2048 SHA256:Svkwba11f6YJcc2s8pumnG6Pa+75WcFpQp7phOxLdkA root@ubuntu-xenial (RSA)
<14>Sep  2 01:00:03 ec2: -----END SSH HOST KEY FINGERPRINTS-----
<14>Sep  2 01:00:03 ec2: #############################################################
-----BEGIN SSH HOST KEY KEYS-----
ecdsa-sha2-nistp256 AAAAE2VjZHNhLXNoYTItbmlzdHAyNTYAAAAIbmlzdHAyNTYAAABBBDbwnmmU0TG1W0X21LGIqhoktP8ZB3E7oQao86fW9DhQ2sitn/1cXvk54leFVxi8iaH7zHy/y0aHRoXnwNxj/JU= root@ubuntu-xenial
ssh-ed25519 AAAAC3NzaC1lZDI1NTE5AAAAIPFDDiW3wiTVqti43zhuHMmyEy75B4WJzqmpZe8Xq5ox root@ubuntu-xenial
ssh-rsa AAAAB3NzaC1yc2EAAAADAQABAAABAQClOlVe6htmq163aX/EjWtJbUUoYv2r8sRq+ye2sLJVYibGwv3kTQXRt6Nnoitwhepk9XWrMe1Nr9vzjA6w1ZmBtLAutRQ/y6FrO91F7mbJyJk/01hS4sxGImMkgxuy5lUNFvqJWnC0fEbut0/ziSkZ+jVrvu4TDCc1jPx7WCKgs8RlHBCKWXd9NYCB2buFnIPV/akahfN0gAWYNArrWRQ+9Yct9BKXObd9/nymakMKcUv0SS3VeEN7lFyC6ElUCw4yjKBiJgIJhNCzmQSGuy3zAUAVNwwM/Oh11hUMTVyCcGTZbDEcdBb944FCUHubxf9XqQC70camDtZMI0QUzaT5 root@ubuntu-xenial
-----END SSH HOST KEY KEYS-----
[   27.685201] cloud-init[1971]: Cloud-init v. 19.1-1-gbaa47854-0ubuntu1~16.04.1 running 'modules:final' at Mon, 02 Sep 2019 01:00:02 +0000. Up 27.17 seconds.
[   27.685672] cloud-init[1971]: ci-info: no authorized ssh keys fingerprints found for user ubuntu.
[   27.690286] cloud-init[1971]: Cloud-init v. 19.1-1-gbaa47854-0ubuntu1~16.04.1 finished at Mon, 02 Sep 2019 01:00:03 +0000. Datasource DataSourceNoCloud [seed=/dev/sdb][dsmode=net].  Up 27.66 seconds
