[   .0000]Initialiin crop subsyscpse
[   0.000000] Initializing cgroup subsys cpu
[    0.000000] Initializing cgroup subsys cpuacct
[    0.000000] Linux version 4.4.0-159-generic (buildd@lgw01-amd64-042) (gcc version 5.4.0 20160609 (Ubuntu 5.4.0-6ubuntu1~16.04.10) ) #187-Ubuntu SMP Thu Aug 1 16:28:06 UTC 2019 (Ubuntu 4.4.0-159.187-generic 4.4.185)
[    0.000000] Command line: BOOT_IMAGE=/boot/vmlinuz-4.4.0-159-generic rootLABEL=cloudimg-rootfs ro console=tty1 console=ttyS0
[    0.000000] KERNEL supported cpus:
[    0.000000]   Inttel GenuineIntel
[    0.000000]   AMD AuthenticAMD
[    0.000000]   Centaur CenturHauls
[    0.000000] x86/fpu: xstate_offset[2]:  576, xstate_sizes[2]:  256
[    0.000000] x86/fpu: Supporting XSAVE feature 0x01: 'x87 floating point registers'
[    0.000000] x86/fpu: Supporting XSAVE feature 0x02: 'SSE registers'
[    0.000000] x86/fpu: Supporting XSAVE feature 0x04: 'AVX registers'
[    0.000000] x86/fpu: Enabled xstate features 0x7, context size is 832 bytes, using 'standard' format.
[    0.000000] e820: BIOS-provided physical RAM map:
[    0.000000] BIOS-e820: [mem 0x0000000000000000-0x000000000009fbff] usable
[    0.000000] BIOS-e820: [mem 0x000000000009fc00-0x000000000009ffff] reserved
[    0.000000] BIOS-e820: [mem 0x00000000000f0000-0x00000000000fffff] reserved
[    0.000000] BIOS-e820: [mem 0x0000000000100000-0x000000003ffeffff] usable
[    0.0000000] BOSe80:[mem 0x000000003fff0000-0x000000003fffffff] ACPI data
[    0.000000] BIOS-e820: [mem 0x00000000fec00000-0x00000000fec00fff] reserved
[    0.000000] BIOS-e820: [mem 0x00000000fee00000-0x00000000fee00fff] reserved
[    0.000000] BIOS-e820: [mem 0x00000000fffc0000-0x00000000ffffffff] reserved
[    0.000000] NX (Execute Disable) protection: active
[    0.000000] SMBIOS 2.5 present.
[    000000] Hypervisor detct: VM
[    0.000000] e820: last_pfn = 0x3fff0 max_arch_pfn = 0x400000000
[    0.000000] MTRR: Disabled
[    0.000000] x86/PAT: MTRRs disabled, skipping PAT initialization too.
[    0.000000] CPU MTRRs all blank - virtualized system.
[    0.000000] x86/PAT: Configuration [0-7]: WB  WT  UC- UC  WB  WT  UC- UC  
[    0.000000] found SMP MP-table at [mem 0x0009fff0-0x0009ffff] mapped at [ffff88000009fff0]
[    0.000000] Scanning 1 areas for low memory corruption
[    0.000000] RAMDISK: [mem 0x362f8000-0x37173fff]
[    0.000000] ACPI: Early table checsum verification disabld    0.0000 ACPI:SD 000000000E000 000024 (v02 VBOX  )
[    0.000000] ACPI: XSDT 0x000000003FFF0030 00003C (v01 VBOX   VBOXXSDT 00000001 ASL  00000061)
[    0.000000] ACPI: FACP 0x000000003FFF00F0 0000F4 (v04 VBOX   VBOXFACP 00000001 ASL  00000061)
[    0.000000] ACPI: DSDT x0000003FFFF0470 0021FF (v02 VBOX   VBOXBIOS 00000002 INTL 20100528)
[    0.000000] ACPI: FACS 0x000000003FFF0200 000040
[    0.000000] ACPI: FACS 0x000000003FFF0200 000040
[    0.000000] ACPI: APIC 0x000000003FFF0240 00005C (v02 VBOX   VBOXAPIC 00000001 ASL  00000061)
[    0.000000] ACPI: SSDT 0x000000003FFF02A0 0001CC (v01 VBOX   VBOXCPUT 00000002 INT 21005)[    0.000000] No NUMA configuration found
[    0.000000] Faking a node at [mem 0x0000000000000000-0x000000003ffeffff]
[    0.000000] NODE_DATA(0) allocated [mem 0x3ffeb000-0x3ffeffff]
[    0.000000] kvm-clock: Using msrs 4b564d01 and 4b564d00
[    0.000000] kvm-clock: cpu 0, msr 0:3ffe3001, primary cpu clock
[    0.000000] kvm-clock: using sched offset of 5433764870 cycles
[    0.000000] clocksource: kvm-clock: mask: 0xffffffffffffffff max_cycles: 0x1cd42e4dffb, max_idle_ns: 881590591483 ns
[    0.000000] Zone ranges:
[    0.000000]   DMA      [mem 0x0000000000001000-0x0000000000ffffff]
[    0.000000]   DMA32    [mem 0x0000000001000000-0x000000003ffeffff]
[    0.000000]   Normal   empty
[    0.000000]   Devie emty
[    0.000000] Movable zone start for each node
[    0.0000000] Early memory node ranges
[    0.000000]   node   0: [mem 0x0000000000001000-0x000000000009efff]
[    0.000000]   node   0: [mem 0x0000000000100000-0x000000003ffeffff]
[    0.000000] Initmem setup node 0 [mem 0x0000000000001000-0x000000003ffeffff]
[    0.000000] ACPI: PM-Timer IO Port: 0x4008
[    0.000000] IOAPIC[0]: apic_id 2, version 32, address 0xfec00000, GSI 0-23
[    0.000000] ACPI: INT_SRC_OVR (bus 0 bus_irq 0 global_irq 2 dfl dfl)
[    0.000000] ACPI: INT_SRC_OVR (bus 0 bus_irq 9 global_irq 9 low level)
[    0.000000] UsngACPI(MDT fr MP  configuration information
[    0.000] mpoot:llwig  CPUs,0 htpg CPUs
[    0.000000]PM: Registered nosave meory: [mem 0x00000000-0x00000fff]
[    0.00000] PM: Registered nosave memory: [mem 0x0009f000-0x0009ffff]
[    0.000000] PM: Registered nosave memory: [mem 0x000a0000-0x000effff]
[    0.000000] PM Rgistered nosave memory: [mem 0x000f0000-0x000fffff]
[    0.000000] e820: [mem 0x40000000-0xfebfffff] available for PCI devices
[    0.000000] Booting paravirtualized kernel on KVM
[    0.000000] clocksource: refined-jiffies: mask: 0xffffffff max_cycles: 0xffffffff, max_idle_ns: 7645519600211568 ns
[    0.000000] setup_percpu: NR_CPUS:512 nr_cpumask_bits:512 nr_cpu_ids:2 nr_node_ids:1
[    0.000000] PERCPU: Embedded 34 pages/cpu @ffff88003fc00 s9544 r19 d158 u1048576
[   .000000] Blt1 zolitsinNode oer mbility gupng on.  Total pages: 257912
[    0.000000] Policy zone: DMA32
[    0.000000] Kernel command line: BOOT_IMAGE=/boot/vmlinuz-4.4.0-159-generic root=LABEL=cloudimg-rootfs ro console=tty1 console=ttyS0
[    0.000000] PID hash table entries: 4096 (order: 3, 32768 bytes)
[    0.000000] Memory: 997724K/1048120K available (8618K kernel code, 1335K rwdata, 4032K rodata, 1488K init, 1284K bss, 50396K reserved, 0K cma-reserved)
[    0.000000] SLUB: HWalign=64, Order=0-3, MinObjects=0, CPUs=2, Nodes=1
[    0.000000] Kernel/User page tables isolation: enabled
[    0.000000] Hierarchical RCU implementation.
[    0.000000] 	Build-time adjustment of leaf fanout to 64.
[    0.000000] 	RCU restricting CPUs from NR_CPUS=512 to nr_cpu_ids=2.
[    0.000000] RCU: Adjusting geometry for rcu_fanout_leaf=64, nr_cpu_ids=2
[    0.000000] NR_IRQS:33024 nr_irqs:440 16
[    0.000000] Console: colour VGA+ 80x25
[    0.000000] console [tty1] enabled
[    0.000000] console [ttyS0] enabled
[    0.000000] tsc: Detected 3408.000 MHz processor
[    1.889581] Calibrating delay loop (skipped) preset value.. 6816.00 BogoMIPS (lpj=13632000)
[    1.894602] pid_max: default: 32768 minimum: 301
[    1.897603] ACPI: Core revision 20150930
[    1.966625] ACPI: 2 ACPI AML tables successfully acquired and loaded
[    2.075318] Security Framework initialized
[    2.139497] Yama: becoming mindful.
[    2.148500] AppArmor: AppArmor initialized
[    2.151059] Dentry cache hash table entries: 131072 (order: 8, 1048576 bytes)
[    2.156892] Inode-cache hash table entries: 65536 (order: 7, 524288 bytes)
[    2.161628] Mount-cache hash table entries: 2048 (order: 2, 16384 bytes)
[    2.190608] Mountpoint-cache hash table entries: 2048 (order: 2, 16384 bytes)
[    2.195125] Initializing cgroup subsys io
[    2.197583] Initializing cgroup subsys memory
[    2.257193] Initializing cgroup subsys devices
[    2.283789] Initializing cgroup subsys freezer
[    2.336914] Initializing cgroup subsys net_cls
[    2.340101] Initializing cgroup subsys perf_event
[    2.342944] Initializing cgroup subsys net_prio
[    2.345702] Initializing cgroup subsys hugetlb
[    2.348372] Initializing cgroup subsys pids
[    2.351902] mce: CPU supports 0 MCE banks
[    2.354401] Last level iTLB entries: 4KB 128, 2MB 8, 4MB 8
[    2.357728] Last level dTLB entries: 4KB 64, 2MB 0, 4MB 0, 1GB 4
[    2.361227] Spectre V1 : Mitigation: usercopy/swapgs barriers and __user pointer sanitization
[    2.366465] Spectre V2 : Mitigation: Full generic retpoline
[    2.369910] Spectre V2 : Spectre v2 / SpectreRSB mitigation: Filling RSB on context switch
[    2.374932] Speculative Store Bypass: Vulnerable
[    2.377795] MDS: Vulnerable: Clear CPU buffers attempted, no microcode
[    2.383799] Freeing SMP alternatives memory: 36K
[    2.391674] ftrace: allocating 32318 entries in 127 pages
[    2.468431] smpboot: APIC(0) Converting physical 0 to logical package 0
[    2.473873] smpboot: Max logical packages: 1
[    2.477325] x2apic enabled
[    2.479505] Switched APIC routing to physical x2apic.
[    2.483940] ..TIMER: vector=0x30 apic1=0 pin1=2 apic2=-1 pin2=-1
[    2.594162] smpboot: CPU0: Intel(R) Core(TM) i5-7500 CPU @ 3.40GHz (family: 0x6, model: 0x9e, stepping: 0x9)
[    2.818006] Performance Events: unsupported p6 CPU model 158 no PMU driver, software events only.
[    2.964857] KVM setup paravirtual spinlock
[    2.970172] x86: Booting SMP configuration:
[    3.091921] .... node  #0, CPUs:      #1
[    3.124889] kvm-clock: cpu 1, msr 0:3ffe3041, secondary cpu clock
[    3.147171] mce: CPU supports 0 MCE banks
[    3.158647] x86: Booted up 1 node, 2 CPUs
[    3.251688] smpboot: Total of 2 processors activated (13632.00 BogoMIPS)
[    3.381878] devtmpfs: initialized
[    3.455797] evm: security.selinux
[    3.473701] evm: security.SMACK64
[    3.489822] evm: security.SMACK64EXEC
[    3.518452] evm: security.SMACK64TRANSMUTE
[    3.520975] evm: security.SMACK64MMAP
[    3.523348] evm: security.ima
[    3.525208] evm: security.capability
[    3.527643] clocksource: jiffies: mask: 0xffffffff max_cycles: 0xffffffff, max_idle_ns: 7645041785100000 ns
[    3.534597] futex hash table entries: 512 (order: 3, 32768 bytes)
[    3.566908] pinctrl core: initialized pinctrl subsystem
[    3.571117] RTC time: 10:03:48, date: 09/01/19
[    3.574376] NET: Registered protocol family 16
[    3.586403] cpuidle: using governor ladder
[    3.598539] cpuidle: using governor menu
[    3.601288] PCCT header not found.
[    3.603794] ACPI: bus type PCI registered
[    3.606573] acpiphp: ACPI Hot Plug PCI Controller Driver version: 0.5
[    3.615319] PCI: Using configuration type 1 for base access
[    3.632086] ACPI: Added _OSI(Module Device)
[    3.683479] ACPI: Added _OSI(Processor Device)
[    3.779713] ACPI: Added _OSI(3.0 _SCP Extensions)
[    3.869095] ACPI: Added _OSI(Processor Aggregator Device)
[    3.949895] ACPI: Executed 1 blocks of module-level executable AML code
[    4.034644] ACPI: Interpreter enabled
[    4.071855] ACPI: (supports S0 S5)
[    4.155156] ACPI: Using IOAPIC for interrupt routing
[    4.233113] PCI: Using host bridge windows from ACPI; if necessary, use "pci=nocrs" and report a bug
[    4.342677] ACPI: PCI Root Bridge [PCI0] (domain 0000 [bus 00-ff])
[    4.479636] acpi PNP0A03:00: _OSC: OS supports [ASPM ClockPM Segments MSI]
[    4.605316] acpi PNP0A03:00: _OSC: not requesting OS control; OS requires [ExtendedConfig ASPM ClockPM MSI]
[    4.678357] acpi PNP0A03:00: fail to add MMCONFIG information, can't access extended PCI configuration space under this bridge.
[    4.690395] PCI host bridge to bus 0000:00
[    4.693323] pci_bus 0000:00: root bus resource [io  0x0000-0x0cf7 window]
[    4.698243] pci_bus 0000:00: root bus resource [io  0x0d00-0xffff window]
[    4.703122] pci_bus 0000:00: root bus resource [mem 0x000a0000-0x000bffff window]
[    4.708375] pci_bus 0000:00: root bus resource [mem 0x40000000-0xfdffffff window]
[    4.713566] pci_bus 0000:00: root bus resource [bus 00-ff]
[    4.720316] pci 0000:00:01.1: legacy IDE quirk: reg 0x10: [io  0x01f0-0x01f7]
[    4.725635] pci 0000:00:01.1: legacy IDE quirk: reg 0x14: [io  0x03f6]
[    4.729551] pci 0000:00:01.1: legacy IDE quirk: reg 0x18: [io  0x0170-0x0177]
[    4.733712] pci 0000:00:01.1: legacy IDE quirk: reg 0x1c: [io  0x0376]
[    4.764616] pci 0000:00:07.0: quirk: [io  0x4000-0x403f] claimed by PIIX4 ACPI
[    4.912629] pci 0000:00:07.0: quirk: [io  0x4100-0x410f] claimed by PIIX4 SMB
[    5.102427] ACPI: PCI Interrupt Link [LNKA] (IRQs 5 9 10 *11)
[    5.232638] ACPI: PCI Interrupt Link [LNKB] (IRQs 5 9 *10 11)
[    5.253509] ACPI: PCI Interrupt Link [LNKC] (IRQs 5 *9 10 11)
[    5.362123] ACPI: PCI Interrupt Link [LNKD] (IRQs 5 9 10 *11)
[    5.440940] ACPI: Enabled 2 GPEs in block 00 to 07
[    5.522276] vgaarb: setting as boot device: PCI:0000:00:02.0
[    5.529244] vgaarb: device added: PCI:0000:00:02.0,decodes=io+mem,owns=io+mem,locks=none
[    5.706726] vgaarb: loaded
[    5.755405] vgaarb: bridge control possible 0000:00:02.0
[    5.777457] SCSI subsystem initialized
[    5.787599] ACPI: bus type USB registered
[    5.791638] usbcore: registered new interface driver usbfs
[    5.796096] usbcore: registered new interface driver hub
[    5.800394] usbcore: registered new device driver usb
[    5.804839] PCI: Using ACPI for IRQ routing
[    5.808777] NetLabel: Initializing
[    5.811722] NetLabel:  domain hash size = 128
[    5.815527] NetLabel:  protocols = UNLABELED CIPSOv4
[    5.821176] NetLabel:  unlabeled traffic allowed by default
[    5.826014] amd_nb: Cannot enumerate AMD northbridges
[    5.830107] clocksource: Switched to clocksource kvm-clock
[   5.842451]ApAror ApAmo FleysemEnbld[   .123 pp:PnACI ni
   6.46676] pn PP CP: oud  dvies

[    6.799380] clocksource: acpi_pm: mask: 0xffffff max_cycles: 0xffffff, max_idle_ns: 2085701024 ns
[    6.810628] NET: Registered protocol family 2
[    6.827172] TCP established hash table entries: 8192 (order: 4, 65536 bytes)
[    6.831535] TCP bind hash table entries: 8192 (order: 5, 131072 bytes)
[    6.835612] TCP: Hash tables configured (established 8192 bind 8192)
[    6.839521] UDP hash table entries: 512 (order: 2, 16384 bytes)
[    6.843031] UDP-Lite hash table entries: 512 (order: 2, 16384 bytes)
[    6.846782] NET: Registered protocol family 1
[    6.849413] pci 0000:00:00.0: Limiting direct PCI/PCI transfers
[    6.852891] pci 0000:00:01.0: Activating ISA DMA hang workarounds
[    6.856617] Unpacking initramfs...
[    7.054084] Freeing initrd memory: 14832K
[    7.067781] clocksource: tsc: mask: 0xffffffffffffffff max_cycles: 0x311fd3cd494, max_idle_ns: 440795223879 ns
[    7.101597] platform rtc_cmos: registered platform RTC device (no PNP device found)
[    7.106329] Scanning for low memory corruption every 60 seconds
[    7.110158] audit: initializing netlink subsys (disabled)
[    7.113399] audit: type=2000 audit(1567332232.829:1): initialized
[    7.117191] Initialise system trusted keyring
[    7.120171] HugeTLB registered 2 MB page size, pre-allocated 0 pages
[    7.125367] zbud: loaded
[    7.127354] VFS: Disk quotas dquot_6.6.0
[    7.129904] VFS: Dquot-cache hash table entries: 512 (order 0, 4096 bytes)
[    7.134180] squashfs: version 4.0 (2009/01/31) Phillip Lougher
[    7.138077] fuse init (API version 7.23)
[    7.140642] Key type big_key registered
[    7.143023] Allocating IMA MOK and blacklist keyrings.
[    7.147900] Key type asymmetric registered
[    7.150533] Asymmetric key parser 'x509' registered
[    7.153801] Block layer SCSI generic (bsg) driver version 0.4 loaded (major 249)
[    7.218311] io scheduler noop registered
[    7.265460] io scheduler deadline registered (default)
[    7.270656] io scheduler cfq registered
[    7.318930] pci_hotplug: PCI Hot Plug PCI Core version: 0.5
[    7.338525] pciehp: PCI Express Hot Plug Controller Driver version: 0.4
[    7.369725] ACPI: AC Adapter [AC] (on-line)
[    7.388008] input: Power Button as /devices/LNXSYSTM:00/LNXPWRBN:00/input/input0
[    7.393660] ACPI: Power Button [PWRF]
[    7.396313] input: Sleep Button as /devices/LNXSYSTM:00/LNXSLPBN:00/input/input1
[    7.449926] ACPI: Sleep Button [SLPF]
[    7.471161] GHES: HEST is not enabled!
[    7.473915] Serial: 8250/16550 driver, 32 ports, IRQ sharing enabled
[    7.502124] 00:02: ttyS0 at I/O 0x3f8 (irq = 4, base_baud = 115200) is a 16550A
[    7.520412] Linux agpgart interface v0.103
[    7.529243] loop: module loaded
[    7.531761] scsi host0: ata_piix
[    7.533945] scsi host1: ata_piix
[    7.535964] ata1: PATA max UDMA/33 cmd 0x1f0 ctl 0x3f6 bmdma 0xd000 irq 14
[    7.540033] ata2: PATA max UDMA/33 cmd 0x170 ctl 0x376 bmdma 0xd008 irq 15
[    7.544120] libphy: Fixed MDIO Bus: probed
[    7.557000] tun: Universal TUN/TAP device driver, 1.6
[    7.561186] tun: (C) 1999-2004 Max Krasnyansky <maxk@qualcomm.com>
[    7.565371] PPP generic driver version 2.4.2
[    7.635263] ehci_hcd: USB 2.0 'Enhanced' Host Controller (EHCI) Driver
[    7.654996] ehci-pci: EHCI PCI platform driver
[    7.727330] ehci-platform: EHCI generic platform driver
[    7.766890] ohci_hcd: USB 1.1 'Open' Host Controller (OHCI) Driver
[    7.808254] ohci-pci: OHCI PCI platform driver
[    7.887659] ohci-platform: OHCI generic platform driver
[    7.932804] uhci_hcd: USB Universal Host Controller Interface driver
[    7.974959] i8042: PNP: PS/2 Controller [PNP0303:PS2K,PNP0f03:PS2M] at 0x60,0x64 irq 1,12
[    7.981070] serio: i8042 KBD port at 0x60,0x64 irq 1
[    7.984340] serio: i8042 AUX port at 0x60,0x64 irq 12
[    7.987901] mousedev: PS/2 mouse device common for all mice
[    8.006063] rtc_cmos rtc_cmos: rtc core: registered rtc_cmos as rtc0
[    8.012647] rtc_cmos rtc_cmos: alarms up to one day, 114 bytes nvram
[    8.017935] i2c /dev entries driver
[    8.018194] input: AT Translated Set 2 keyboard as /devices/platform/i8042/serio0/input/input2
[    8.026810] device-mapper: uevent: version 1.0.3
[    8.030286] device-mapper: ioctl: 4.34.0-ioctl (2015-10-28) initialised: dm-devel@redhat.com
[    8.036622] ledtrig-cpu: registered to indicate activity on CPUs
[    8.041121] NET: Registered protocol family 10
[    8.044537] NET: Registered protocol family 17
[    8.047669] Key type dns_resolver registered
[    8.051328] registered taskstats version 1
[    8.054237] Loading compiled-in X.509 certificates
[    8.057996] Loaded X.509 cert 'Build time autogenerated kernel key: d14182f9795b80ec340f636a5a08bf5817ccd8e7'
[    8.064448] zswap: loaded using pool lzo/zbud
[    8.068717] Key type trusted registered
[    8.081555] Key type encrypted registered
[    8.084259] AppArmor: AppArmor sha1 policy hashing enabled
[    8.087779] ima: No TPM chip found, activating TPM-bypass!
[    8.091022] ima: Allocated hash algorithm: sha1
[    8.093859] evm: HMAC attrs: 0x1
[    8.096259]   Magic number: 3:664:71
[    8.098523] rtc_cmos rtc_cmos: setting system clock to 2019-09-01 10:03:52 UTC (1567332232)
[    8.103845] BIOS EDD facility v0.16 2004-Jun-25, 0 devices found
[    8.109061] EDD information not available.
[    8.158425] Freeing unused kernel memory: 1488K
[    8.278159] Write protecting the kernel read-only data: 14336k
[    8.313171] Freeing unused kernel memory: 1608K
[    9.100237] Freeing unused kernel memory: 64K
Loading, please wait...
starting version 229
[    9.475154] random: udevadm: uninitialized urandom read (16 bytes read, 7 bits of entropy available)
[    9.476088] random: systemd-udevd: uninitialized urandom read (16 bytes read, 7 bits of entropy available)
[    9.476197] random: systemd-udevd: uninitialized urandom read (16 bytes read, 7 bits of entropy available)
[    9.476224] random: systemd-udevd: uninitialized urandom read (16 bytes read, 7 bits of entropy available)
[    9.476279] random: systemd-udevd: uninitialized urandom read (16 bytes read, 7 bits of entropy available)
[    9.513739] random: udevadm: uninitialized urandom read (16 bytes read, 7 bits of entropy available)
[    9.527299] random: systemd-udevd: uninitialized urandom read (16 bytes read, 7 bits of entropy available)
[    9.535759] random: udevadm: uninitialized urandom read (16 bytes read, 7 bits of entropy available)
[    9.538262] random: systemd-udevd: uninitialized urandom read (16 bytes read, 7 bits of entropy available)
[    9.538270] random: systemd-udevd: uninitialized urandom read (16 bytes read, 7 bits of entropy available)
[    9.584715] e1000: Intel(R) PRO/1000 Network Driver - version 7.3.21-k8-NAPI
[    9.590194] e1000: Copyright (c) 1999-2006 Intel Corporation.
[    9.598157] Fusion MPT base driver 3.04.20
[    9.604817] Copyright (c) 1999-2008 LSI Corporation
[    9.638706] AVX2 version of gcm_enc/dec engaged.
[    9.644742] AES CTR mode by8 optimization enabled
[    9.670657] Fusion MPT SPI Host driver 3.04.20
[    9.835683] input: ImExPS/2 Generic Explorer Mouse as /devices/platform/i8042/serio1/input/input4
[   10.084722] e1000 0000:00:03.0 eth0: (PCI:33MHz:32-bit) 02:49:b7:a9:fe:dc
[   10.123649] e1000 0000:00:03.0 eth0: Intel(R) PRO/1000 Network Connection
[   10.136894] mptbase: ioc0: Initiating bringup
[   10.226620] ioc0: LSI53C1030 A0: Capabilities={Initiator}
[   10.397978] scsi host2: ioc0: LSI53C1030 A0, FwRev=00000000h, Ports=1, MaxQ=256, IRQ=20
[   10.516259] scsi 2:0:0:0: Direct-Access     VBOX     HARDDISK         1.0  PQ: 0 ANSI: 5
[   12.005058] scsi target2:0:0: Beginning Domain Validation
[   12.039374] scsi target2:0:0: Domain Validation skipping write tests
[   12.043625] scsi target2:0:0: Ending Domain Validation
[   12.095614] scsi target2:0:0: asynchronous
[   12.154081] scsi 2:0:1:0: Direct-Access     VBOX     HARDDISK         1.0  PQ: 0 ANSI: 5
[   12.171273] scsi target2:0:1: Beginning Domain Validation
[   12.184258] scsi target2:0:1: Domain Validation skipping write tests
[   12.188178] scsi target2:0:1: Ending Domain Validation
[   12.191373] scsi target2:0:1: asynchronous
[   12.214722] sd 2:0:0:0: Attached scsi generic sg0 type 0
[   12.304335] sd 2:0:0:0: [sda] 20971520 512-byte logical blocks: (10.7 GB/10.0 GiB)
[   12.351226] sd 2:0:0:0: [sda] Write Protect is off
[   12.402023] sd 2:0:1:0: [sdb] 20480 512-byte logical blocks: (10.5 MB/10.0 MiB)
[   12.406990] sd 2:0:1:0: Attached scsi generic sg1 type 0
[   12.409824] e1000 0000:00:08.0 eth1: (PCI:33MHz:32-bit) 08:00:27:cd:5b:bc
[   12.409828] e1000 0000:00:08.0 eth1: Intel(R) PRO/1000 Network Connection
[   12.435212] e1000 0000:00:03.0 enp0s3: renamed from eth0
[   12.435339] sd 2:0:1:0: [sdb] Write Protect is off
[   12.435598] sd 2:0:1:0: [sdb] Incomplete mode parameter data
[   12.435599] sd 2:0:1:0: [sdb] Assuming drive cache: write through
[   12.436374] sd 2:0:0:0: [sda] Incomplete mode parameter data
[   12.436376] sd 2:0:0:0: [sda] Assuming drive cache: write through
[   12.456550]  sda: sda1
[   12.457732] sd 2:0:0:0: [sda] Attached SCSI disk
[   12.459980] sd 2:0:1:0: [sdb] Attached SCSI disk
[   12.530876] e1000 0000:00:08.0 enp0s8: renamed from eth1
Begin: Loading essential drivers ... [   13.840615] md: linear personality registered for level -1
[   13.846856] md: multipath personality registered for level -4
[   13.949284] md: raid0 personality registered for level 0
[   14.102032] md: raid1 personality registered for level 1
[   14.231975] raid6: sse2x1   gen() 12927 MB/s
[   14.306244] raid6: sse2x1   xor()  7690 MB/s
[   14.378950] raid6: sse2x2   gen() 15958 MB/s
[   14.458585] raid6: sse2x2   xor() 10906 MB/s
[   14.554176] raid6: sse2x4   gen() 17254 MB/s
[   14.654465] raid6: sse2x4   xor() 11700 MB/s
[   14.730698] raid6: avx2x1   gen() 22571 MB/s
[   14.798605] raid6: avx2x2   gen() 29033 MB/s
[   14.921793] raid6: avx2x4   gen() 36507 MB/s
[   14.970380] raid6: using algorithm avx2x4 gen() 36507 MB/s
[   14.973967] raid6: using avx2x2 recovery algorithm
[   15.028597] xor: automatically using best checksumming function:
[   15.070265]    avx       : 30411.000 MB/sec
[   15.074962] async_tx: api initialized (async)
[   15.137944] md: raid6 personality registered for level 6
[   15.168991] md: raid5 personality registered for level 5
[   15.258162] md: raid4 personality registered for level 4
[   15.345881] md: raid10 personality registered for level 10
done.
Begin: Running /scripts/init-premount ... done.
Begin: Mounting root file system ... Begin: Running /scripts/local-top ... done.
Begin: Running /scripts/local-premount ... [   15.397114] Btrfs loaded
Scanning for Btrfs filesystems
done.
Warning: fsck not present, so skipping root file system
[   15.517402] EXT4-fs (sda1): mounted filesystem with ordered data mode. Opts: (null)
done.
Begin: Running /scripts/local-bottom ... done.
Begin: Running /scripts/init-bottom ... done.
[   16.021953] systemd[1]: systemd 229 running in system mode. (+PAM +AUDIT +SELINUX +IMA +APPARMOR +SMACK +SYSVINIT +UTMP +LIBCRYPTSETUP +GCRYPT +GNUTLS +ACL +XZ -LZ4 +SECCOMP +BLKID +ELFUTILS +KMOD -IDN)
[   16.033424] systemd[1]: Detected virtualization oracle.
[   16.036626] systemd[1]: Detected architecture x86-64.

Welcome to [1mUbuntu 16.04.6 LTS[0m!

[   16.375065] systemd[1]: Set hostname to <ubuntu>.
[   16.405834] systemd[1]: Initializing machine ID from random generator.
[   16.409953] systemd[1]: Installed transient /etc/machine-id file.
[   17.700656] random: nonblocking pool is initialized
[   18.182405] systemd[1]: Reached target System Time Synchronized.
[[0;32m  OK  [0m] Reached target System Time Synchronized.
[   18.190269] systemd[1]: Created slice User and Session Slice.
[[0;32m  OK  [0m] Created slice User and Session Slice.
[   18.204176] systemd[1]: Reached target Swap.
[[0;32m  OK  [0m] Reached target Swap.
[   18.210668] systemd[1]: Listening on udev Control Socket.
[[0;32m  OK  [0m] Listening on udev Control Socket.
[   18.246719] systemd[1]: Started Trigger resolvconf update for networkd DNS.
[[0;32m  OK  [0m] Started Trigger resolvconf update for networkd DNS.
[   18.275230] systemd[1]: Reached target Encrypted Volumes.
[[0;32m  OK  [0m] Reached target Encrypted Volumes.
[   18.281810] systemd[1]: Reached target User and Group Name Lookups.
[[0;32m  OK  [0m] Reached target User and Group Name Lookups.
[   18.291858] systemd[1]: Listening on Device-mapper event daemon FIFOs.
[[0;32m  OK  [0m] Listening on Device-mapper event daemon FIFOs.
[   18.301182] systemd[1]: Set up automount Arbitrary Executable File Formats File System Automount Point.
[[0;32m  OK  [0m] Set up automount Arbitrary Executab...ats File System Automount Point.
[   18.312138] systemd[1]: Listening on Journal Socket.
[[0;32m  OK  [0m] Listening on Journal Socket.
[   18.318206] systemd[1]: Listening on Journal Socket (/dev/log).
[[0;32m  OK  [0m] Listening on Journal Socket (/dev/log).
[   18.325374] systemd[1]: Listening on Syslog Socket.
[[0;32m  OK  [0m] Listening on Syslog Socket.
[   18.331337] systemd[1]: Listening on Journal Audit Socket.
[[0;32m  OK  [0m] Listening on Journal Audit Socket.
[   18.338046] systemd[1]: Created slice System Slice.
[[0;32m  OK  [0m] Created slice System Slice.
[   18.354346] systemd[1]: Starting Nameserver information manager...
         Starting Nameserver information manager...
[   18.365131] systemd[1]: Mounting POSIX Message Queue File System...
         Mounting POSIX Message Queue File System...
[   18.374183] systemd[1]: Mounting Huge Pages File System...
         Mounting Huge Pages File System...
[   18.383863] systemd[1]: Reached target Slices.
[[0;32m  OK  [0m] Reached target Slices.
[   18.389613] systemd[1]: Created slice system-serial\x2dgetty.slice.
[[0;32m  OK  [0m] Created slice system-serial\x2dgetty.slice.
[   18.411466] systemd[1]: Starting Journal Service...
         Starting Journal Service...
[   18.423983] systemd[1]: Mounting Debug File System...
         Mounting Debug File System...
[   18.436460] systemd[1]: Starting Create list of required static device nodes for the current kernel...
         Starting Create list of required st... nodes for the current kernel...
[   18.458759] systemd[1]: Starting Load Kernel Modules...
         Starting Load Kernel Modules...
[   18.489881] systemd[1]: Starting Set console keymap...
         Starting Set console keymap...
[   18.501383] systemd[1]: Listening on LVM2 poll daemon socket.
[   18.505875] Loading iSCSI transport class v2.0-870.
[[0;32m  OK  [0m] Listening on LVM2 poll daemon socket.
[   18.514008] systemd[1]: Starting Remount Root and Kernel File Systems...
         Starting Remount Root and Kernel File Systems...
[   18.527049] EXT4-fs (sda1): re-mounted. Opts: (null)
[   18.527128] systemd[1]: Listening on /dev/initctl Compatibility Named Pipe.
[[0;32m  OK  [0m] Listening on /dev/initctl Compatibility Named Pipe.
[   18.556961] iscsi: registered transport (tcp)
[   18.570367] systemd[1]: Starting Uncomplicated firewall...
         Starting Uncomplicated firewall...
[   18.586406] systemd[1]: Started Forward Password Requests to Wall Directory Watch.
[[0;32m  OK  [0m] Started Forward Password Requests to Wall Directory Watch.
[   18.603555] systemd[1]: Listening on LVM2 metadata daemon socket.
[[0;32m  OK  [0m] Listening on LVM2 metadata daemon socket.
[   18.626248] systemd[1]: Starting Monitoring of LVM2 mirrors, snapshots etc. using dmeventd or progress polling...
         Starting Monitoring of LVM2 mirrors... dmeventd or progress polling...
[   18.637937] iscsi: registered transport (iser)
[   18.639301] systemd[1]: Listening on udev Kernel Socket.
[[0;32m  OK  [0m] Listening on udev Kernel Socket.
[   18.650514] systemd[1]: Mounted Debug File System.
[[0;32m  OK  [0m] Mounted Debug File System.
[   18.660078] systemd[1]: Mounted Huge Pages File System.
[[0;32m  OK  [0m] Mounted Huge Pages File System.
[   18.667132] systemd[1]: Mounted POSIX Message Queue File System.
[[0;32m  OK  [0m] Mounted POSIX Message Queue File System.
[   18.676306] systemd[1]: Started Journal Service.
[[0;32m  OK  [0m] Started Journal Service.
[[0;32m  OK  [0m] Started Create list of required sta...ce nodes for the current kernel.
[[0;32m  OK  [0m] Started Load Kernel Modules.
[[0;32m  OK  [0m] Started Set console keymap.
[[0;32m  OK  [0m] Started Remount Root and Kernel File Systems.
[[0;32m  OK  [0m] Started Uncomplicated firewall.
[[0;32m  OK  [0m] Started Nameserver information manager.
[[0;32m  OK  [0m] Started LVM2 metadata daemon.
         Starting udev Coldplug all Devices...
         Starting Load/Save Random Seed...
         Starting Apply Kernel Variables...
         Mounting FUSE Control File System...
         Starting Create Static Device Nodes in /dev...
         Starting Flush Journal to Persistent Storage...
[[0;32m  OK  [0m] Mounted FUSE Control File System.
[[0;32m  OK  [0m] Started Load/Save Random Seed.
[[0;32m  OK  [0m] Started Apply Kernel Variables.
[[0;32m  OK  [0m] Started udev Coldplug all Devices.
[[0;32m  OK  [0m] Started Flush Journal to Persistent Storage.
[[0;32m  OK  [0m] Started Create Static Device Nodes in /dev.
         Starting udev Kernel Device Manager...
[[0;32m  OK  [0m] Started udev Kernel Device Manager.
[[0;32m  OK  [0m] Started Dispatch Password Requests to Console Directory Watch.
[[0;32m  OK  [0m] Found device /dev/ttyS0.
[[0;32m  OK  [0m] Listening on Load/Save RF Kill Switch Status /dev/rfkill Watch.
[[0;32m  OK  [0m] Started Monitoring of LVM2 mirrors,...ng dmeventd or progress polling.
[[0;32m  OK  [0m] Reached target Local File Systems (Pre).
[[0;32m  OK  [0m] Reached target Local File Systems.
         Starting LSB: AppArmor initialization...
         Starting Tell Plymouth To Write Out Runtime Data...
         Starting Set console font and keymap...
         Starting Commit a transient machine-id on disk...
         Starting Create Volatile Files and Directories...
         Starting Initial cloud-init job (pre-networking)...
[[0;32m  OK  [0m] Started Tell Plymouth To Write Out Runtime Data.
[[0;32m  OK  [0m] Started Commit a transient machine-id on disk.
[[0;32m  OK  [0m] Started Create Volatile Files and Directories.
         Starting Update UTMP about System Boot/Shutdown...
[[0;32m  OK  [0m] Started Update UTMP about System Boot/Shutdown.
[[0;32m  OK  [0m] Started LSB: AppArmor initialization.
[[0;32m  OK  [0m] Started Set console font and keymap.
[[0;32m  OK  [0m] Created slice system-getty.slice.
[   16.513928] cloud-init[655]: Cloud-init v. 19.1-1-gbaa47854-0ubuntu1~16.04.1 running 'init-local' at Sun, 01 Sep 2019 10:04:05 +0000. Up 16.17 seconds.
[[0;32m  OK  [0m] Started Initial cloud-init job (pre-networking).
[[0;32m  OK  [0m] Reached target Network (Pre).
         Starting Raise network interfaces...
[[0;32m  OK  [0m] Started Raise network interfaces.
         Starting Initial cloud-init job (metadata service crawler)...
[[0;32m  OK  [0m] Reached target Network.
[   17.602462] cloud-init[966]: Cloud-init v. 19.1-1-gbaa47854-0ubuntu1~16.04.1 running 'init' at Sun, 01 Sep 2019 10:04:06 +0000. Up 17.00 seconds.
[   17.624438] cloud-init[966]: ci-info: ++++++++++++++++++++++++++++++++++++++Net device info+++++++++++++++++++++++++++++++++++++++
[   17.646000] cloud-init[966]: ci-info: +--------+-------+----------------------------+---------------+--------+-------------------+
[   17.676057] [cloud-init[0;32m  OK  [0m[966]: ] ci-info: | Device |   Up  |          Address           |      Mask     | Scope  |     Hw-Address    |Started Initial cloud-init job (metadata service crawler).

[   17.677422] [[0;32m  OK  [0m] Reached target Cloud-config availability.
[[0;32m  OK  [0m] Reached target Network is Online.
cloud-init[966]: ci-info: +--------+-------+----------------------------+---------------+--------+-------------------+
[   17.821077]          cloud-initStarting iSCSI initiator daemon (iscsid)...[966]: 
ci-info: | enp0s3 |  True |         10.0.2.15          | 255.255.255.0 | global | 02:49:b7:a9:fe:dc |
[   17.835276] [[0;32m  OK  [0m] Reached target System Initialization.
[[0;32m  OK  [0m] Started Daily Cleanup of Temporary Directories.
[[0;32m  OK  [0m] Listening on D-Bus System Message Bus Socket.
[[0;32m  OK  [0m] Listening on ACPID Listen Socket.
cloud-init[966]: ci-info: | enp0s3 |  True | fe80::49:b7ff:fea9:fedc/64 |       .       |  link  | 02:49:b7:a9:fe:dc |
[   17.856444]          Starting LXD - unix socket.
         Starting Socket activation for snappy daemon.
[[0;32m  OK  [0m] Started Daily apt download activities.
cloud-init[966]: ci-info: | enp0s8 | False |             .              |       .       |   .    | 08:00:27:cd:5b:bc |
[   17.924437] [[0;32m  OK  [0m] Started ACPI Events Check.
[[0;32m  OK  [0m] Reached target Paths.
[[0;32m  OK  [0m] Listening on UUID daemon activation socket.
[[0;32m  OK  [0m] Started Daily apt upgrade and clean activities.
[[0;32m  OK  [0m] Reached target Timers.
cloud-init[966]: ci-info: |   lo   |  True |         127.0.0.1          |   255.0.0.0   |  host  |         .         |
[[0;32m  OK  [0m] Listening on LXD - unix socket.
[[0;32m  OK  [0m] Listening on Socket activation for snappy daemon.
[   17.966941] cloud-init[966]: ci-info: |   lo   |  True |          ::1/128           |       .       |  host  |         .         |
[[0;32m  OK  [0m] Started iSCSI initiator daemon (iscsid).
[   17.978304] cloud-init[966]: ci-info: +--------+-------+----------------------------+---------------+--------+-------------------+
[   17.995895] cloud-init[966]: ci-info: +++++++++++++++++++++++++++Route IPv4 info++++++++++++++++++++++++++++
[   18.004374]          Starting Login to default iSCSI targets...
[[0;32m  OK  [0m] Reached target Sockets.
[[0;32m  OK  [0m] Reached target Basic System.
cloud-init[966]: ci-info: +-------+-------------+----------+---------------+-----------+-------+
         Starting Pollinate to seed the pseudo random number generator...
[   18.017907] [[0;32m  OK  [0m] Started D-Bus System Message Bus.
cloud-init[966]: ci-info: | Route | Destination | Gateway  |    Genmask    | Interface | Flags |
[   18.038057] cloud-init[966]: ci-info: +-------+-------------+----------+---------------+-----------+-------+
[   18.046090] cloud-init[966]: ci-info: |   0   |   0.0.0.0   | 10.0.2.2 |    0.0.0.0    |   enp0s3  |   UG  |
[   18.054352] cloud-init[966]: ci-info: |   1   |   10.0.2.0  | 0.0.0.0  | 255.255.255.0 |   enp0s3  |   U   |
[   18.062183] cloud-init[966]: ci-info: +-------+-------------+----------+---------------+-----------+-------+
[   18.070142] cloud-init[966]: ci-info: +++++++++++++++++++Route IPv6 info+++++++++++++++++++
[   18.078030] cloud-init[966]: ci-info: +-------+-------------+---------+-----------+-------+
[   18.084651] cloud-init[966]: ci-info: | Route | Destination | Gateway | Interface | Flags |
[   18.094350] cloud-init[966]: ci-info: +-------+-------------+---------+-----------+-------+
[   18.100741] cloud-init[966]: ci-info: |   0   |  fe80::/64  |    ::   |   enp0s3  |   U   |
[   18.107501] cloud-init[966]: ci-info: |   3   |   ff00::/8  |    ::   |   enp0s3  |   U   |
[   18.114168] cloud-init[966]: ci-info: +-------+-------------+---------+-----------+-------+
[   18.120667] cloud-init[966]: Generating public/private rsa key pair.
[   18.126300] cloud-init[966]: Your identification has been saved in /etc/ssh/ssh_host_rsa_key.
[   18.133287] cloud-init[966]: Your public key has been saved in /etc/ssh/ssh_host_rsa_key.pub.
[   18.140140] cloud-init[966]: The key fingerprint is:
[   18.144527] cloud-init[966]: SHA256:aP1ExKJTwEh771ohSfD/XAwws4BHxFHS8htID5FHw+s root@ubuntu-xenial
[   18.151461] cloud-init[966]: The key's randomart image is:
[   18.156379] cloud-init[966]: +---[RSA 2048]----+
[   18.161392] cloud-init[966]: |   .oBOXB..      |
[   18.165639] cloud-init[966]: |    o+Oo*B.      |
[   18.170001] cloud-init[966]: |    .o+X.oo      |
[   18.174373] cloud-init[966]: |     o+*=. o     |
[   18.178506] cloud-init[966]: |      =oSo. o    |
[   18.189542]          Starting /etc/rc.local Compatibility...
         Starting Virtualbox guest utils...
         Starting Login Service...
[[0;32m  OK  [0m] Started FUSE filesystem for LXC.
         Starting LSB: Record successful boot for GRUB...
         Starting LSB: MD monitoring daemon...
         Starting Accounts Service...
cloud-init[966]: |     . oE* .     |
[   18.203283] cloud-init[966]: |        o +      |
[   18.203358] cloud-init[966]: |       o         |
[   18.203406] cloud-init[966]: |      .          |
[   18.203445] cloud-init[966]: +----[SHA256]-----+
[   18.203478] cloud-init[966]: Generating public/private dsa key pair.
[   18.203503] cloud-init[966]: Your identification has been saved in /etc/ssh/ssh_host_dsa_key.
[   18.203529] cloud-init[966]: Your public key has been saved in /etc/ssh/ssh_host_dsa_key.pub.
[[0;32m  OK  [0m] Started Deferred execution scheduler.
[   18.212576] cloud-init[966]: The key fingerprint is:
[   18.266806] cloud-init[966]: SHA256:pXxvlIelwIGILjXkvJOsYPzAXVyZAqTtbel6MCSGpj0 root@ubuntu-xenial         Starting System Logging Service...

[   18.280393] [[0;32m  OK  [0m] Started Regular background program processing daemon.
cloud-init[966]: The key's randomart image is:
[   18.292846]          Starting Snappy daemon...
cloud-init[966]: +---[DSA 1024]----+
[   18.305382] [[0;32m  OK  [0m] Started ACPI event daemon.
cloud-init[966]: |  .+o. oo..      |
         Starting LXD - container startup/shutdown...
[   18.308586] [cloud-init[0;32m  OK  [0m[966]: ] |  oo=.oo.. .     |Started /etc/rc.local Compatibility.

[   18.344717] cloud-init[966]: |.. +o+.   +   .  |
[   18.356832] cloud-init[966]: |+++o+o.. o . =   |
[   18.380491] cloud-init[966]: |=*o+=+  S . = .  |
[   18.400231] cloud-init[966]: |o.E+o.   . o .   |
[   18.400871] cloud-init[966]: |  .oo.      o    |
[   18.402439] cloud-init[966]: |    ..     .     |
[   18.403336] cloud-init[966]: |   ..            |
[[0;32m  OK  [0m] Started Login Service.
[   18.403368] cloud-init[966]: +----[SHA256]-----+
[[0;32m  OK  [0m] Started Unattended Upgrades Shutdown.
[   18.431379] cloud-init[966]: Generating public/private ecdsa key pair.
[   18.452330] cloud-init[966]: Your identification has been saved in /etc/ssh/ssh_host_ecdsa_key.
[   18.474517] cloud-init[966]: Your public key has been saved in /etc/ssh/ssh_host_ecdsa_key.pub.
[[0;32m  OK  [0m[   18.500898] cloud-init[966]: The key fingerprint is:
[   18.500967] cloud-init[966]: SHA256:3KpzVdCSwzu/mmkJ6L+Ol/aKK0GfBDbDCP8VaV3M5cs root@ubuntu-xenial
[   18.500996] cloud-init[966]: The key's randomart image is:
[   18.501022] cloud-init[966]: +---[ECDSA 256]---+
[   18.501077] cloud-init[966]: |.. o  .o =.+.    |
[   18.501102] cloud-init[966]: | .. * o.. O..    |
[   18.501143] cloud-init[966]: |  .. =.    =.    |
] Started Login to default iSCSI targets.
[   18.503293] [[0;32m  OK  [0m] Started LSB: Record successful boot for GRUB.
[[0;32m  OK  [0m] Started System Logging Service.
[[0;32m  OK  [0m] Reached target Remote File Systems (Pre).
[[0;32m  OK  [0m] Reached target Remote File Systems.
cloud-init[966]: |   ..... .o...   |
[   18.569142] cloud-init[966]: |   ..o oS .+E    |
[   18.585722]          cloud-initStarting LSB: daemon to balance interrupts for SMP systems...[966]: 
|    . + ... .    |
[   18.608675] cloud-init[966]:          Starting LSB: automatic crash report generation...
|     o  .+ . .   |
[   18.619117]          Starting Permit User Sessions...
         Starting LSB: Set the CPU Frequency Scaling governor to "ondemand"...
cloud-init[966]: |    . o+= oo.    |
[   18.688439] cloud-init[966]: |     .=O===.     |
[[0;32m  OK  [0m] Started LSB: MD monitoring daemon.
[   18.690676] [cloud-init[0;32m  OK  [0m[966]: ] +----[SHA256]-----+Started Permit User Sessions.

[   18.790961] cloud-init[966]: Generating public/private ed25519 key pair.
         Starting Authenticate and Authorize Users to Run Privileged Tasks...
[   18.827357] cloud-init[966]: Your identification has been saved in /etc/ssh/ssh_host_ed25519_key.
[   18.864863]          Starting Terminate Plymouth Boot Screen...
cloud-init[966]: Your public key has been saved in /etc/ssh/ssh_host_ed25519_key.pub.
         Starting Hold until boot process finishes up...
[   18.881756] [[0;32m  OK  [0m] Started Virtualbox guest utils.
cloud-init[966]: The key fingerprint is:
[   18.884517] cloud-init[966]: SHA256:zmYkIpsKxsPJOw3u/8SwbmsHCLgA+emvZ/AgJ0eAfz4 root@ubuntu-xenial
[   18.884595] cloud-init[966]: The key's randomart image is:
[   18.884624] cloud-init[966]: +--[ED25519 256]--+
[   18.884653] cloud-init[966]: |..               |
[   18.884686] cloud-init[966]: |=                |
[[0;32m  OK  [0m] Started LSB: daemon to balance interrupts for SMP systems.
[   18.885285] [[0;32m  OK  [0m] Started LSB: automatic crash report generation.
[[0;32m  OK  [0m] Started LSB: Set the CPU Frequency Scaling governor to "ondemand".
cloud-init[966]: |o+ .             |
[   18.948329] cloud-init[966]: |+ = .            |
[   18.955749] [[0;32m  OK  [0m] Started Terminate Plymouth Boot Screen.
cloud-init[966]: |o+o+. . S        |
[[0;32m  OK  [0m] Started Hold until boot process finishes up.
[   18.958549] cloud-init[966]: |BoB=E. =         |
[[0;32m  OK  [0m] Started Authenticate and Authorize Users to Run Privileged Tasks.
[   18.972379] cloud-init[966]: |o%=*.+  =        |
[   18.988343] cloud-init[966]: |o+++*. o         |
[   18.988407] cloud-init[966]: |oo*B+.           |
[   18.988463] cloud-init[966]: +----[SHA256]-----+
[[0;32m  OK  [0m] Started Accounts Service.
         Starting Set console scheme...
[[0;32m  OK  [0m] Started Serial Getty on ttyS0.
[[0;32m  OK  [0m] Started Getty on tty1.
[[0;32m  OK  [0m] Reached target Login Prompts.
[[0;32m  OK  [0m] Started Set console scheme.
[[0;32m  OK  [0m] Started LXD - container startup/shutdown.
[[0;32m  OK  [0m] Started Snappy daemon.
         Starting Wait until snapd is fully seeded...
[[0;32m  OK  [0m] Started Pollinate to seed the pseudo random number generator.
         Starting OpenBSD Secure Shell server...
[[0;32m  OK  [0m] Started OpenBSD Secure Shell server.
[[0;32m  OK  [0m] Created slice User Slice of vagrant.
         Starting User Manager for UID 1000...
[[0;32m  OK  [0m] Started Session 1 of user vagrant.
[[0;32m  OK  [0m] Started User Manager for UID 1000.
[[0;32m  OK  [0m] Started Session 2 of user vagrant.
         Starting Hostname Service...
[[0;32m  OK  [0m] Started Hostname Service.
[[0;32m  OK  [0m] Stopped ifup for enp0s3.
[[0;32m  OK  [0m] Started ifup for enp0s3.
[[0;32m  OK  [0m] Stopped ifup for enp0s8.
[[0;32m  OK  [0m] Started ifup for enp0s8.
[[0;32m  OK  [0m] Started Wait until snapd is fully seeded.
         Starting Apply the settings specified in cloud-config...
[[0;32m  OK  [0m] Reached target Multi-User System.
[[0;32m  OK  [0m] Reached target Graphical Interface.
         Starting Update UTMP about System Runlevel Changes...
[[0;32m  OK  [0m] Started Update UTMP about System Runlevel Changes.
[   24.270224] cloud-init[1915]: Generating locales (this might take a while)...
[   24.896547] cloud-init[1915]:   en_US.UTF-8... done
[   24.900229] cloud-init[1915]: Generation complete.

Ubuntu 16.04.6 LTS webserver ttyS0

webserver login: [   25.310522] cloud-init[1915]: Cloud-init v. 19.1-1-gbaa47854-0ubuntu1~16.04.1 running 'modules:config' at Sun, 01 Sep 2019 10:04:13 +0000. Up 24.15 seconds.
ci-info: no authorized ssh keys fingerprints found for user ubuntu.
<14>Sep  1 10:04:15 ec2: 
<14>Sep  1 10:04:15 ec2: #############################################################
<14>Sep  1 10:04:15 ec2: -----BEGIN SSH HOST KEY FINGERPRINTS-----
<14>Sep  1 10:04:15 ec2: 1024 SHA256:pXxvlIelwIGILjXkvJOsYPzAXVyZAqTtbel6MCSGpj0 root@ubuntu-xenial (DSA)
<14>Sep  1 10:04:15 ec2: 256 SHA256:3KpzVdCSwzu/mmkJ6L+Ol/aKK0GfBDbDCP8VaV3M5cs root@ubuntu-xenial (ECDSA)
<14>Sep  1 10:04:15 ec2: 256 SHA256:zmYkIpsKxsPJOw3u/8SwbmsHCLgA+emvZ/AgJ0eAfz4 root@ubuntu-xenial (ED25519)
<14>Sep  1 10:04:15 ec2: 2048 SHA256:aP1ExKJTwEh771ohSfD/XAwws4BHxFHS8htID5FHw+s root@ubuntu-xenial (RSA)
<14>Sep  1 10:04:15 ec2: -----END SSH HOST KEY FINGERPRINTS-----
<14>Sep  1 10:04:15 ec2: #############################################################
-----BEGIN SSH HOST KEY KEYS-----
ecdsa-sha2-nistp256 AAAAE2VjZHNhLXNoYTItbmlzdHAyNTYAAAAIbmlzdHAyNTYAAABBBDof9AmSVqFDwCjO73CyAtnLzlCfbWSp4gfDdZ75G3ZyQSGKOVRhd+9oJ8+P5zZYf+Ou5A93+goO1P63eLXmSDg= root@ubuntu-xenial
ssh-ed25519 AAAAC3NzaC1lZDI1NTE5AAAAIB797+H6R0XktWzWQTEwph3Lvte2gXEl47aQoU7q+8AO root@ubuntu-xenial
ssh-rsa AAAAB3NzaC1yc2EAAAADAQABAAABAQDL7em8QlIdsI5CaJLTPYKUOxytCY972C3M7ON1I0szRW3ewjnaa5ucFN4rMeWmcSwG/mxyZhoh5J6Pjce7Fei0xGOoWrnWWf+pgINXPrX8EYcu0MleWoiVjkMX9NGFc4gTJf7mWoSiygZJ8ZAhmldeFogk76m2PQxOi76GvAlN9sXQ9ZmoH4wHfKGQLCgSJE106iXAR/knBsECaFHxAA9w7I6O74tNqWs2DHFYo+0OdwhE9ceoVLYFxh7MfX5M3A6mUX9ZVOp+VvEqAf6gDjAEVz1Kos1wOIAw1zDEQK0bP4EjfVYLUOFDRePNk7zOACQIOq5vcfcC1603Tluc9iLt root@ubuntu-xenial
-----END SSH HOST KEY KEYS-----
[   25.704235] cloud-init[2040]: Cloud-init v. 19.1-1-gbaa47854-0ubuntu1~16.04.1 running 'modules:final' at Sun, 01 Sep 2019 10:04:15 +0000. Up 25.56 seconds.
[   25.704385] cloud-init[2040]: ci-info: no authorized ssh keys fingerprints found for user ubuntu.
[   25.704467] cloud-init[2040]: Cloud-init v. 19.1-1-gbaa47854-0ubuntu1~16.04.1 finished at Sun, 01 Sep 2019 10:04:15 +0000. Datasource DataSourceNoCloud [seed=/dev/sdb][dsmode=net].  Up 25.68 seconds
